2020-03-09 17:31:13,699:INFO: Loading the datasets...
2020-03-09 17:31:17,162:INFO: - done.
2020-03-09 17:31:20,651:INFO: Experiment - model version: res50-res18_distill
2020-03-09 17:31:20,651:INFO: Starting training for 100 epoch(s)
2020-03-09 17:31:20,651:INFO: First, loading the teacher model and computing its outputs...
2020-03-09 17:31:27,340:INFO: - Finished computing teacher outputs after 7 secs..
2020-03-09 17:31:27,341:INFO: Epoch 1/100
2020-03-09 17:31:40,667:INFO: - Train metrics: accuracy: 0.199 ; loss: 1.172
2020-03-09 17:31:41,660:INFO: - Eval metrics : accuracy: 0.304 ; loss: 0.000
2020-03-09 17:31:41,840:INFO: - Found new best accuracy
2020-03-09 17:31:41,841:INFO: Epoch 2/100
2020-03-09 17:31:55,152:INFO: - Train metrics: accuracy: 0.324 ; loss: 1.153
2020-03-09 17:31:56,212:INFO: - Eval metrics : accuracy: 0.365 ; loss: 0.000
2020-03-09 17:31:56,720:INFO: - Found new best accuracy
2020-03-09 17:31:56,720:INFO: Epoch 3/100
2020-03-09 17:32:10,075:INFO: - Train metrics: accuracy: 0.377 ; loss: 1.146
2020-03-09 17:32:11,146:INFO: - Eval metrics : accuracy: 0.408 ; loss: 0.000
2020-03-09 17:32:12,234:INFO: - Found new best accuracy
2020-03-09 17:32:12,235:INFO: Epoch 4/100
2020-03-09 17:32:25,606:INFO: - Train metrics: accuracy: 0.418 ; loss: 1.147
2020-03-09 17:32:26,594:INFO: - Eval metrics : accuracy: 0.444 ; loss: 0.000
2020-03-09 17:32:27,233:INFO: - Found new best accuracy
2020-03-09 17:32:27,234:INFO: Epoch 5/100
2020-03-09 17:32:40,600:INFO: - Train metrics: accuracy: 0.453 ; loss: 1.141
2020-03-09 17:32:41,613:INFO: - Eval metrics : accuracy: 0.472 ; loss: 0.000
2020-03-09 17:32:42,478:INFO: - Found new best accuracy
2020-03-09 17:32:42,478:INFO: Epoch 6/100
2020-03-09 17:32:55,883:INFO: - Train metrics: accuracy: 0.477 ; loss: 1.120
2020-03-09 17:32:56,898:INFO: - Eval metrics : accuracy: 0.488 ; loss: 0.000
2020-03-09 17:32:57,681:INFO: - Found new best accuracy
2020-03-09 17:32:57,682:INFO: Epoch 7/100
2020-03-09 17:33:11,063:INFO: - Train metrics: accuracy: 0.484 ; loss: 1.136
2020-03-09 17:33:12,056:INFO: - Eval metrics : accuracy: 0.509 ; loss: 0.000
2020-03-09 17:33:12,935:INFO: - Found new best accuracy
2020-03-09 17:33:12,943:INFO: Epoch 8/100
2020-03-09 17:33:26,313:INFO: - Train metrics: accuracy: 0.508 ; loss: 1.118
2020-03-09 17:33:27,312:INFO: - Eval metrics : accuracy: 0.522 ; loss: 0.000
2020-03-09 17:33:28,538:INFO: - Found new best accuracy
2020-03-09 17:33:28,539:INFO: Epoch 9/100
2020-03-09 17:33:41,910:INFO: - Train metrics: accuracy: 0.496 ; loss: 1.124
2020-03-09 17:33:42,934:INFO: - Eval metrics : accuracy: 0.528 ; loss: 0.000
2020-03-09 17:33:44,005:INFO: - Found new best accuracy
2020-03-09 17:33:44,005:INFO: Epoch 10/100
2020-03-09 17:33:57,394:INFO: - Train metrics: accuracy: 0.516 ; loss: 1.117
2020-03-09 17:33:58,377:INFO: - Eval metrics : accuracy: 0.546 ; loss: 0.000
2020-03-09 17:33:59,337:INFO: - Found new best accuracy
2020-03-09 17:33:59,337:INFO: Epoch 11/100
2020-03-09 17:34:12,730:INFO: - Train metrics: accuracy: 0.539 ; loss: 1.122
2020-03-09 17:34:13,756:INFO: - Eval metrics : accuracy: 0.563 ; loss: 0.000
2020-03-09 17:34:14,629:INFO: - Found new best accuracy
2020-03-09 17:34:14,630:INFO: Epoch 12/100
2020-03-09 17:34:27,980:INFO: - Train metrics: accuracy: 0.574 ; loss: 1.114
2020-03-09 17:34:29,007:INFO: - Eval metrics : accuracy: 0.582 ; loss: 0.000
2020-03-09 17:34:29,508:INFO: - Found new best accuracy
2020-03-09 17:34:29,509:INFO: Epoch 13/100
2020-03-09 17:34:42,947:INFO: - Train metrics: accuracy: 0.559 ; loss: 1.109
2020-03-09 17:34:43,970:INFO: - Eval metrics : accuracy: 0.584 ; loss: 0.000
2020-03-09 17:34:44,661:INFO: - Found new best accuracy
2020-03-09 17:34:44,662:INFO: Epoch 14/100
2020-03-09 17:34:58,148:INFO: - Train metrics: accuracy: 0.598 ; loss: 1.116
2020-03-09 17:34:59,165:INFO: - Eval metrics : accuracy: 0.588 ; loss: 0.000
2020-03-09 17:35:00,055:INFO: - Found new best accuracy
2020-03-09 17:35:00,056:INFO: Epoch 15/100
2020-03-09 17:35:13,451:INFO: - Train metrics: accuracy: 0.611 ; loss: 1.103
2020-03-09 17:35:14,432:INFO: - Eval metrics : accuracy: 0.596 ; loss: 0.000
2020-03-09 17:35:15,059:INFO: - Found new best accuracy
2020-03-09 17:35:15,059:INFO: Epoch 16/100
2020-03-09 17:35:28,427:INFO: - Train metrics: accuracy: 0.600 ; loss: 1.103
2020-03-09 17:35:29,427:INFO: - Eval metrics : accuracy: 0.607 ; loss: 0.000
2020-03-09 17:35:29,926:INFO: - Found new best accuracy
2020-03-09 17:35:29,927:INFO: Epoch 17/100
2020-03-09 17:35:43,316:INFO: - Train metrics: accuracy: 0.631 ; loss: 1.102
2020-03-09 17:35:44,333:INFO: - Eval metrics : accuracy: 0.602 ; loss: 0.000
2020-03-09 17:35:45,396:INFO: Epoch 18/100
2020-03-09 17:35:58,851:INFO: - Train metrics: accuracy: 0.582 ; loss: 1.105
2020-03-09 17:35:59,851:INFO: - Eval metrics : accuracy: 0.627 ; loss: 0.000
2020-03-09 17:36:00,584:INFO: - Found new best accuracy
2020-03-09 17:36:00,584:INFO: Epoch 19/100
2020-03-09 17:36:13,999:INFO: - Train metrics: accuracy: 0.613 ; loss: 1.103
2020-03-09 17:36:14,979:INFO: - Eval metrics : accuracy: 0.624 ; loss: 0.000
2020-03-09 17:36:15,229:INFO: Epoch 20/100
2020-03-09 17:36:28,626:INFO: - Train metrics: accuracy: 0.658 ; loss: 1.090
2020-03-09 17:36:29,671:INFO: - Eval metrics : accuracy: 0.635 ; loss: 0.000
2020-03-09 17:36:31,512:INFO: - Found new best accuracy
2020-03-09 17:36:31,513:INFO: Epoch 21/100
2020-03-09 17:36:44,892:INFO: - Train metrics: accuracy: 0.623 ; loss: 1.109
2020-03-09 17:36:45,887:INFO: - Eval metrics : accuracy: 0.646 ; loss: 0.000
2020-03-09 17:36:47,848:INFO: - Found new best accuracy
2020-03-09 17:36:47,849:INFO: Epoch 22/100
2020-03-09 17:37:01,284:INFO: - Train metrics: accuracy: 0.648 ; loss: 1.094
2020-03-09 17:37:02,320:INFO: - Eval metrics : accuracy: 0.638 ; loss: 0.000
2020-03-09 17:37:02,568:INFO: Epoch 23/100
2020-03-09 17:37:15,997:INFO: - Train metrics: accuracy: 0.609 ; loss: 1.110
2020-03-09 17:37:17,003:INFO: - Eval metrics : accuracy: 0.662 ; loss: 0.000
2020-03-09 17:37:18,030:INFO: - Found new best accuracy
2020-03-09 17:37:18,031:INFO: Epoch 24/100
2020-03-09 17:37:31,430:INFO: - Train metrics: accuracy: 0.660 ; loss: 1.097
2020-03-09 17:37:32,427:INFO: - Eval metrics : accuracy: 0.664 ; loss: 0.000
2020-03-09 17:37:33,839:INFO: - Found new best accuracy
2020-03-09 17:37:33,840:INFO: Epoch 25/100
2020-03-09 17:37:47,289:INFO: - Train metrics: accuracy: 0.641 ; loss: 1.102
2020-03-09 17:37:48,284:INFO: - Eval metrics : accuracy: 0.662 ; loss: 0.000
2020-03-09 17:37:48,643:INFO: Epoch 26/100
2020-03-09 17:38:02,073:INFO: - Train metrics: accuracy: 0.633 ; loss: 1.098
2020-03-09 17:38:03,114:INFO: - Eval metrics : accuracy: 0.664 ; loss: 0.000
2020-03-09 17:38:03,597:INFO: Epoch 27/100
2020-03-09 17:38:17,002:INFO: - Train metrics: accuracy: 0.705 ; loss: 1.090
2020-03-09 17:38:18,011:INFO: - Eval metrics : accuracy: 0.643 ; loss: 0.000
2020-03-09 17:38:18,888:INFO: Epoch 28/100
2020-03-09 17:38:32,316:INFO: - Train metrics: accuracy: 0.670 ; loss: 1.089
2020-03-09 17:38:33,327:INFO: - Eval metrics : accuracy: 0.678 ; loss: 0.000
2020-03-09 17:38:34,087:INFO: - Found new best accuracy
2020-03-09 17:38:34,088:INFO: Epoch 29/100
2020-03-09 17:38:47,508:INFO: - Train metrics: accuracy: 0.664 ; loss: 1.091
2020-03-09 17:38:48,537:INFO: - Eval metrics : accuracy: 0.669 ; loss: 0.000
2020-03-09 17:38:49,258:INFO: Epoch 30/100
2020-03-09 17:39:02,677:INFO: - Train metrics: accuracy: 0.670 ; loss: 1.087
2020-03-09 17:39:03,714:INFO: - Eval metrics : accuracy: 0.681 ; loss: 0.000
2020-03-09 17:39:04,748:INFO: - Found new best accuracy
2020-03-09 17:39:04,749:INFO: Epoch 31/100
2020-03-09 17:39:18,177:INFO: - Train metrics: accuracy: 0.645 ; loss: 1.096
2020-03-09 17:39:19,268:INFO: - Eval metrics : accuracy: 0.688 ; loss: 0.000
2020-03-09 17:39:19,989:INFO: - Found new best accuracy
2020-03-09 17:39:19,990:INFO: Epoch 32/100
2020-03-09 17:39:33,374:INFO: - Train metrics: accuracy: 0.709 ; loss: 1.097
2020-03-09 17:39:34,418:INFO: - Eval metrics : accuracy: 0.691 ; loss: 0.000
2020-03-09 17:39:35,044:INFO: - Found new best accuracy
2020-03-09 17:39:35,045:INFO: Epoch 33/100
2020-03-09 17:39:48,439:INFO: - Train metrics: accuracy: 0.705 ; loss: 1.088
2020-03-09 17:39:49,436:INFO: - Eval metrics : accuracy: 0.694 ; loss: 0.000
2020-03-09 17:39:49,976:INFO: - Found new best accuracy
2020-03-09 17:39:49,977:INFO: Epoch 34/100
2020-03-09 17:40:03,359:INFO: - Train metrics: accuracy: 0.705 ; loss: 1.090
2020-03-09 17:40:04,377:INFO: - Eval metrics : accuracy: 0.700 ; loss: 0.000
2020-03-09 17:40:05,569:INFO: - Found new best accuracy
2020-03-09 17:40:05,570:INFO: Epoch 35/100
2020-03-09 17:40:18,970:INFO: - Train metrics: accuracy: 0.697 ; loss: 1.095
2020-03-09 17:40:19,968:INFO: - Eval metrics : accuracy: 0.706 ; loss: 0.000
2020-03-09 17:40:21,476:INFO: - Found new best accuracy
2020-03-09 17:40:21,476:INFO: Epoch 36/100
2020-03-09 17:40:34,830:INFO: - Train metrics: accuracy: 0.701 ; loss: 1.091
2020-03-09 17:40:35,823:INFO: - Eval metrics : accuracy: 0.706 ; loss: 0.000
2020-03-09 17:40:36,443:INFO: Epoch 37/100
2020-03-09 17:40:49,875:INFO: - Train metrics: accuracy: 0.701 ; loss: 1.092
2020-03-09 17:40:50,921:INFO: - Eval metrics : accuracy: 0.697 ; loss: 0.000
2020-03-09 17:40:51,168:INFO: Epoch 38/100
2020-03-09 17:41:04,549:INFO: - Train metrics: accuracy: 0.725 ; loss: 1.088
2020-03-09 17:41:05,565:INFO: - Eval metrics : accuracy: 0.710 ; loss: 0.000
2020-03-09 17:41:07,040:INFO: - Found new best accuracy
2020-03-09 17:41:07,041:INFO: Epoch 39/100
2020-03-09 17:41:20,427:INFO: - Train metrics: accuracy: 0.707 ; loss: 1.080
2020-03-09 17:41:21,451:INFO: - Eval metrics : accuracy: 0.704 ; loss: 0.000
2020-03-09 17:41:21,699:INFO: Epoch 40/100
2020-03-09 17:41:35,129:INFO: - Train metrics: accuracy: 0.734 ; loss: 1.092
2020-03-09 17:41:36,150:INFO: - Eval metrics : accuracy: 0.722 ; loss: 0.000
2020-03-09 17:41:37,231:INFO: - Found new best accuracy
2020-03-09 17:41:37,232:INFO: Epoch 41/100
2020-03-09 17:41:50,615:INFO: - Train metrics: accuracy: 0.721 ; loss: 1.093
2020-03-09 17:41:51,635:INFO: - Eval metrics : accuracy: 0.717 ; loss: 0.000
2020-03-09 17:41:52,227:INFO: Epoch 42/100
2020-03-09 17:42:05,601:INFO: - Train metrics: accuracy: 0.713 ; loss: 1.093
2020-03-09 17:42:06,719:INFO: - Eval metrics : accuracy: 0.719 ; loss: 0.000
2020-03-09 17:42:07,496:INFO: Epoch 43/100
2020-03-09 17:42:20,885:INFO: - Train metrics: accuracy: 0.742 ; loss: 1.075
2020-03-09 17:42:21,877:INFO: - Eval metrics : accuracy: 0.716 ; loss: 0.000
2020-03-09 17:42:22,758:INFO: Epoch 44/100
2020-03-09 17:42:36,231:INFO: - Train metrics: accuracy: 0.693 ; loss: 1.080
2020-03-09 17:42:37,246:INFO: - Eval metrics : accuracy: 0.734 ; loss: 0.000
2020-03-09 17:42:38,395:INFO: - Found new best accuracy
2020-03-09 17:42:38,396:INFO: Epoch 45/100
2020-03-09 17:42:51,831:INFO: - Train metrics: accuracy: 0.725 ; loss: 1.084
2020-03-09 17:42:52,834:INFO: - Eval metrics : accuracy: 0.730 ; loss: 0.000
2020-03-09 17:42:53,189:INFO: Epoch 46/100
2020-03-09 17:43:06,618:INFO: - Train metrics: accuracy: 0.779 ; loss: 1.088
2020-03-09 17:43:07,625:INFO: - Eval metrics : accuracy: 0.734 ; loss: 0.000
2020-03-09 17:43:08,238:INFO: - Found new best accuracy
2020-03-09 17:43:08,239:INFO: Epoch 47/100
2020-03-09 17:43:21,632:INFO: - Train metrics: accuracy: 0.770 ; loss: 1.070
2020-03-09 17:43:22,658:INFO: - Eval metrics : accuracy: 0.743 ; loss: 0.000
2020-03-09 17:43:23,412:INFO: - Found new best accuracy
2020-03-09 17:43:23,412:INFO: Epoch 48/100
2020-03-09 17:43:36,784:INFO: - Train metrics: accuracy: 0.760 ; loss: 1.092
2020-03-09 17:43:37,768:INFO: - Eval metrics : accuracy: 0.748 ; loss: 0.000
2020-03-09 17:43:38,255:INFO: - Found new best accuracy
2020-03-09 17:43:38,255:INFO: Epoch 49/100
2020-03-09 17:43:51,688:INFO: - Train metrics: accuracy: 0.771 ; loss: 1.079
2020-03-09 17:43:52,695:INFO: - Eval metrics : accuracy: 0.749 ; loss: 0.000
2020-03-09 17:43:53,171:INFO: - Found new best accuracy
2020-03-09 17:43:53,172:INFO: Epoch 50/100
2020-03-09 17:44:06,577:INFO: - Train metrics: accuracy: 0.799 ; loss: 1.066
2020-03-09 17:44:07,565:INFO: - Eval metrics : accuracy: 0.764 ; loss: 0.000
2020-03-09 17:44:08,698:INFO: - Found new best accuracy
2020-03-09 17:44:08,699:INFO: Epoch 51/100
2020-03-09 17:44:22,101:INFO: - Train metrics: accuracy: 0.785 ; loss: 1.076
2020-03-09 17:44:23,091:INFO: - Eval metrics : accuracy: 0.762 ; loss: 0.000
2020-03-09 17:44:23,334:INFO: Epoch 52/100
2020-03-09 17:44:36,747:INFO: - Train metrics: accuracy: 0.789 ; loss: 1.071
2020-03-09 17:44:37,806:INFO: - Eval metrics : accuracy: 0.765 ; loss: 0.000
2020-03-09 17:44:38,307:INFO: - Found new best accuracy
2020-03-09 17:44:38,307:INFO: Epoch 53/100
2020-03-09 17:44:51,755:INFO: - Train metrics: accuracy: 0.820 ; loss: 1.069
2020-03-09 17:44:52,747:INFO: - Eval metrics : accuracy: 0.763 ; loss: 0.000
2020-03-09 17:44:52,994:INFO: Epoch 54/100
2020-03-09 17:45:06,430:INFO: - Train metrics: accuracy: 0.766 ; loss: 1.075
2020-03-09 17:45:07,458:INFO: - Eval metrics : accuracy: 0.766 ; loss: 0.000
2020-03-09 17:45:07,949:INFO: - Found new best accuracy
2020-03-09 17:45:07,949:INFO: Epoch 55/100
2020-03-09 17:45:21,410:INFO: - Train metrics: accuracy: 0.760 ; loss: 1.083
2020-03-09 17:45:22,422:INFO: - Eval metrics : accuracy: 0.765 ; loss: 0.000
2020-03-09 17:45:22,802:INFO: Epoch 56/100
2020-03-09 17:45:36,246:INFO: - Train metrics: accuracy: 0.777 ; loss: 1.074
2020-03-09 17:45:37,291:INFO: - Eval metrics : accuracy: 0.763 ; loss: 0.000
2020-03-09 17:45:37,537:INFO: Epoch 57/100
2020-03-09 17:45:50,969:INFO: - Train metrics: accuracy: 0.783 ; loss: 1.070
2020-03-09 17:45:51,992:INFO: - Eval metrics : accuracy: 0.763 ; loss: 0.000
2020-03-09 17:45:52,494:INFO: Epoch 58/100
2020-03-09 17:46:05,897:INFO: - Train metrics: accuracy: 0.777 ; loss: 1.085
2020-03-09 17:46:06,924:INFO: - Eval metrics : accuracy: 0.767 ; loss: 0.000
2020-03-09 17:46:08,639:INFO: - Found new best accuracy
2020-03-09 17:46:08,639:INFO: Epoch 59/100
2020-03-09 17:46:22,034:INFO: - Train metrics: accuracy: 0.811 ; loss: 1.072
2020-03-09 17:46:23,057:INFO: - Eval metrics : accuracy: 0.765 ; loss: 0.000
2020-03-09 17:46:23,307:INFO: Epoch 60/100
2020-03-09 17:46:36,707:INFO: - Train metrics: accuracy: 0.787 ; loss: 1.073
2020-03-09 17:46:37,717:INFO: - Eval metrics : accuracy: 0.764 ; loss: 0.000
2020-03-09 17:46:38,312:INFO: Epoch 61/100
2020-03-09 17:46:51,685:INFO: - Train metrics: accuracy: 0.768 ; loss: 1.070
2020-03-09 17:46:52,792:INFO: - Eval metrics : accuracy: 0.762 ; loss: 0.000
2020-03-09 17:46:53,393:INFO: Epoch 62/100
2020-03-09 17:47:06,794:INFO: - Train metrics: accuracy: 0.779 ; loss: 1.068
2020-03-09 17:47:07,785:INFO: - Eval metrics : accuracy: 0.767 ; loss: 0.000
2020-03-09 17:47:08,701:INFO: Epoch 63/100
2020-03-09 17:47:22,050:INFO: - Train metrics: accuracy: 0.793 ; loss: 1.067
2020-03-09 17:47:23,062:INFO: - Eval metrics : accuracy: 0.767 ; loss: 0.000
2020-03-09 17:47:23,969:INFO: Epoch 64/100
2020-03-09 17:47:37,353:INFO: - Train metrics: accuracy: 0.795 ; loss: 1.071
2020-03-09 17:47:38,373:INFO: - Eval metrics : accuracy: 0.767 ; loss: 0.000
2020-03-09 17:47:38,741:INFO: Epoch 65/100
2020-03-09 17:47:52,126:INFO: - Train metrics: accuracy: 0.775 ; loss: 1.080
2020-03-09 17:47:53,159:INFO: - Eval metrics : accuracy: 0.769 ; loss: 0.000
2020-03-09 17:47:54,589:INFO: - Found new best accuracy
2020-03-09 17:47:54,590:INFO: Epoch 66/100
2020-03-09 17:48:08,025:INFO: - Train metrics: accuracy: 0.764 ; loss: 1.078
2020-03-09 17:48:09,009:INFO: - Eval metrics : accuracy: 0.771 ; loss: 0.000
2020-03-09 17:48:09,500:INFO: - Found new best accuracy
2020-03-09 17:48:09,501:INFO: Epoch 67/100
2020-03-09 17:48:22,895:INFO: - Train metrics: accuracy: 0.785 ; loss: 1.069
2020-03-09 17:48:23,921:INFO: - Eval metrics : accuracy: 0.768 ; loss: 0.000
2020-03-09 17:48:24,171:INFO: Epoch 68/100
2020-03-09 17:48:37,613:INFO: - Train metrics: accuracy: 0.793 ; loss: 1.069
2020-03-09 17:48:38,625:INFO: - Eval metrics : accuracy: 0.769 ; loss: 0.000
2020-03-09 17:48:39,654:INFO: Epoch 69/100
2020-03-09 17:48:53,083:INFO: - Train metrics: accuracy: 0.818 ; loss: 1.071
2020-03-09 17:48:54,088:INFO: - Eval metrics : accuracy: 0.769 ; loss: 0.000
2020-03-09 17:48:54,589:INFO: Epoch 70/100
2020-03-09 17:49:08,022:INFO: - Train metrics: accuracy: 0.795 ; loss: 1.075
2020-03-09 17:49:09,064:INFO: - Eval metrics : accuracy: 0.771 ; loss: 0.000
2020-03-09 17:49:10,249:INFO: - Found new best accuracy
2020-03-09 17:49:10,250:INFO: Epoch 71/100
2020-03-09 17:49:23,650:INFO: - Train metrics: accuracy: 0.799 ; loss: 1.071
2020-03-09 17:49:24,677:INFO: - Eval metrics : accuracy: 0.771 ; loss: 0.000
2020-03-09 17:49:26,160:INFO: Epoch 72/100
2020-03-09 17:49:39,564:INFO: - Train metrics: accuracy: 0.791 ; loss: 1.068
2020-03-09 17:49:40,632:INFO: - Eval metrics : accuracy: 0.772 ; loss: 0.000
2020-03-09 17:49:41,416:INFO: - Found new best accuracy
2020-03-09 17:49:41,417:INFO: Epoch 73/100
2020-03-09 17:49:54,821:INFO: - Train metrics: accuracy: 0.826 ; loss: 1.067
2020-03-09 17:49:55,844:INFO: - Eval metrics : accuracy: 0.770 ; loss: 0.000
2020-03-09 17:49:56,092:INFO: Epoch 74/100
2020-03-09 17:50:09,517:INFO: - Train metrics: accuracy: 0.793 ; loss: 1.074
2020-03-09 17:50:10,608:INFO: - Eval metrics : accuracy: 0.772 ; loss: 0.000
2020-03-09 17:50:12,074:INFO: - Found new best accuracy
2020-03-09 17:50:12,075:INFO: Epoch 75/100
2020-03-09 17:50:25,450:INFO: - Train metrics: accuracy: 0.777 ; loss: 1.081
2020-03-09 17:50:26,457:INFO: - Eval metrics : accuracy: 0.773 ; loss: 0.000
2020-03-09 17:50:27,095:INFO: - Found new best accuracy
2020-03-09 17:50:27,096:INFO: Epoch 76/100
2020-03-09 17:50:40,506:INFO: - Train metrics: accuracy: 0.760 ; loss: 1.075
2020-03-09 17:50:41,495:INFO: - Eval metrics : accuracy: 0.773 ; loss: 0.000
2020-03-09 17:50:44,147:INFO: - Found new best accuracy
2020-03-09 17:50:44,147:INFO: Epoch 77/100
2020-03-09 17:50:57,565:INFO: - Train metrics: accuracy: 0.785 ; loss: 1.060
2020-03-09 17:50:58,651:INFO: - Eval metrics : accuracy: 0.772 ; loss: 0.000
2020-03-09 17:50:59,253:INFO: Epoch 78/100
2020-03-09 17:51:12,653:INFO: - Train metrics: accuracy: 0.748 ; loss: 1.069
2020-03-09 17:51:13,622:INFO: - Eval metrics : accuracy: 0.774 ; loss: 0.000
2020-03-09 17:51:14,738:INFO: - Found new best accuracy
2020-03-09 17:51:14,739:INFO: Epoch 79/100
2020-03-09 17:51:28,097:INFO: - Train metrics: accuracy: 0.787 ; loss: 1.068
2020-03-09 17:51:29,160:INFO: - Eval metrics : accuracy: 0.769 ; loss: 0.000
2020-03-09 17:51:29,411:INFO: Epoch 80/100
2020-03-09 17:51:42,844:INFO: - Train metrics: accuracy: 0.789 ; loss: 1.070
2020-03-09 17:51:43,876:INFO: - Eval metrics : accuracy: 0.772 ; loss: 0.000
2020-03-09 17:51:44,653:INFO: Epoch 81/100
2020-03-09 17:51:58,076:INFO: - Train metrics: accuracy: 0.783 ; loss: 1.073
2020-03-09 17:51:59,067:INFO: - Eval metrics : accuracy: 0.775 ; loss: 0.000
2020-03-09 17:52:00,504:INFO: - Found new best accuracy
2020-03-09 17:52:00,505:INFO: Epoch 82/100
2020-03-09 17:52:13,902:INFO: - Train metrics: accuracy: 0.738 ; loss: 1.079
2020-03-09 17:52:14,953:INFO: - Eval metrics : accuracy: 0.773 ; loss: 0.000
2020-03-09 17:52:15,330:INFO: Epoch 83/100
2020-03-09 17:52:28,766:INFO: - Train metrics: accuracy: 0.801 ; loss: 1.067
2020-03-09 17:52:29,770:INFO: - Eval metrics : accuracy: 0.776 ; loss: 0.000
2020-03-09 17:52:31,195:INFO: - Found new best accuracy
2020-03-09 17:52:31,195:INFO: Epoch 84/100
2020-03-09 17:52:44,643:INFO: - Train metrics: accuracy: 0.783 ; loss: 1.061
2020-03-09 17:52:45,646:INFO: - Eval metrics : accuracy: 0.775 ; loss: 0.000
2020-03-09 17:52:46,314:INFO: Epoch 85/100
2020-03-09 17:52:59,758:INFO: - Train metrics: accuracy: 0.740 ; loss: 1.073
2020-03-09 17:53:00,788:INFO: - Eval metrics : accuracy: 0.770 ; loss: 0.000
2020-03-09 17:53:01,186:INFO: Epoch 86/100
2020-03-09 17:53:14,626:INFO: - Train metrics: accuracy: 0.805 ; loss: 1.079
2020-03-09 17:53:15,612:INFO: - Eval metrics : accuracy: 0.774 ; loss: 0.000
2020-03-09 17:53:16,238:INFO: Epoch 87/100
2020-03-09 17:53:29,608:INFO: - Train metrics: accuracy: 0.809 ; loss: 1.064
2020-03-09 17:53:30,652:INFO: - Eval metrics : accuracy: 0.773 ; loss: 0.000
2020-03-09 17:53:31,045:INFO: Epoch 88/100
2020-03-09 17:53:44,492:INFO: - Train metrics: accuracy: 0.773 ; loss: 1.070
2020-03-09 17:53:45,493:INFO: - Eval metrics : accuracy: 0.776 ; loss: 0.000
2020-03-09 17:53:45,996:INFO: - Found new best accuracy
2020-03-09 17:53:45,996:INFO: Epoch 89/100
2020-03-09 17:53:59,431:INFO: - Train metrics: accuracy: 0.779 ; loss: 1.083
2020-03-09 17:54:00,455:INFO: - Eval metrics : accuracy: 0.778 ; loss: 0.000
2020-03-09 17:54:01,389:INFO: - Found new best accuracy
2020-03-09 17:54:01,390:INFO: Epoch 90/100
2020-03-09 17:54:14,778:INFO: - Train metrics: accuracy: 0.812 ; loss: 1.062
2020-03-09 17:54:15,767:INFO: - Eval metrics : accuracy: 0.776 ; loss: 0.000
2020-03-09 17:54:16,113:INFO: Epoch 91/100
2020-03-09 17:54:29,522:INFO: - Train metrics: accuracy: 0.791 ; loss: 1.076
2020-03-09 17:54:30,550:INFO: - Eval metrics : accuracy: 0.776 ; loss: 0.000
2020-03-09 17:54:31,302:INFO: Epoch 92/100
2020-03-09 17:54:44,736:INFO: - Train metrics: accuracy: 0.801 ; loss: 1.081
2020-03-09 17:54:45,825:INFO: - Eval metrics : accuracy: 0.777 ; loss: 0.000
2020-03-09 17:54:46,192:INFO: Epoch 93/100
2020-03-09 17:54:59,655:INFO: - Train metrics: accuracy: 0.793 ; loss: 1.063
2020-03-09 17:55:00,768:INFO: - Eval metrics : accuracy: 0.775 ; loss: 0.000
2020-03-09 17:55:01,543:INFO: Epoch 94/100
2020-03-09 17:55:14,936:INFO: - Train metrics: accuracy: 0.758 ; loss: 1.075
2020-03-09 17:55:15,922:INFO: - Eval metrics : accuracy: 0.777 ; loss: 0.000
2020-03-09 17:55:16,172:INFO: Epoch 95/100
2020-03-09 17:55:29,557:INFO: - Train metrics: accuracy: 0.799 ; loss: 1.079
2020-03-09 17:55:30,590:INFO: - Eval metrics : accuracy: 0.779 ; loss: 0.000
2020-03-09 17:55:31,622:INFO: - Found new best accuracy
2020-03-09 17:55:31,622:INFO: Epoch 96/100
2020-03-09 17:55:44,979:INFO: - Train metrics: accuracy: 0.768 ; loss: 1.073
2020-03-09 17:55:46,055:INFO: - Eval metrics : accuracy: 0.777 ; loss: 0.000
2020-03-09 17:55:47,106:INFO: Epoch 97/100
2020-03-09 17:56:00,521:INFO: - Train metrics: accuracy: 0.812 ; loss: 1.066
2020-03-09 17:56:01,516:INFO: - Eval metrics : accuracy: 0.779 ; loss: 0.000
2020-03-09 17:56:03,594:INFO: - Found new best accuracy
2020-03-09 17:56:03,595:INFO: Epoch 98/100
2020-03-09 17:56:16,957:INFO: - Train metrics: accuracy: 0.783 ; loss: 1.073
2020-03-09 17:56:17,928:INFO: - Eval metrics : accuracy: 0.782 ; loss: 0.000
2020-03-09 17:56:18,680:INFO: - Found new best accuracy
2020-03-09 17:56:18,681:INFO: Epoch 99/100
2020-03-09 17:56:32,120:INFO: - Train metrics: accuracy: 0.793 ; loss: 1.076
2020-03-09 17:56:33,145:INFO: - Eval metrics : accuracy: 0.780 ; loss: 0.000
2020-03-09 17:56:33,394:INFO: Epoch 100/100
2020-03-09 17:56:46,790:INFO: - Train metrics: accuracy: 0.781 ; loss: 1.074
2020-03-09 17:56:47,797:INFO: - Eval metrics : accuracy: 0.779 ; loss: 0.000
2020-03-09 18:34:33,130:INFO: Loading the datasets...
2020-03-09 18:34:36,603:INFO: - done.
2020-03-09 18:34:40,105:INFO: Experiment - model version: res50-res18_distill
2020-03-09 18:34:40,106:INFO: Starting training for 100 epoch(s)
2020-03-09 18:34:40,106:INFO: First, loading the teacher model and computing its outputs...
2020-03-09 18:34:46,772:INFO: - Finished computing teacher outputs after 7 secs..
2020-03-09 18:34:46,773:INFO: Epoch 1/100
2020-03-09 18:35:00,125:INFO: - Train metrics: accuracy: 0.336 ; loss: 1.496
2020-03-09 18:35:01,162:INFO: - Eval metrics : accuracy: 0.465 ; loss: 0.000
2020-03-09 18:35:01,903:INFO: - Found new best accuracy
2020-03-09 18:35:01,903:INFO: Epoch 2/100
2020-03-09 18:35:15,300:INFO: - Train metrics: accuracy: 0.506 ; loss: 1.272
2020-03-09 18:35:16,317:INFO: - Eval metrics : accuracy: 0.545 ; loss: 0.000
2020-03-09 18:35:17,013:INFO: - Found new best accuracy
2020-03-09 18:35:17,014:INFO: Epoch 3/100
2020-03-09 18:35:30,373:INFO: - Train metrics: accuracy: 0.547 ; loss: 1.208
2020-03-09 18:35:31,442:INFO: - Eval metrics : accuracy: 0.570 ; loss: 0.000
2020-03-09 18:35:32,594:INFO: - Found new best accuracy
2020-03-09 18:35:32,595:INFO: Epoch 4/100
2020-03-09 18:35:45,974:INFO: - Train metrics: accuracy: 0.639 ; loss: 1.117
2020-03-09 18:35:47,000:INFO: - Eval metrics : accuracy: 0.620 ; loss: 0.000
2020-03-09 18:35:48,793:INFO: - Found new best accuracy
2020-03-09 18:35:48,793:INFO: Epoch 5/100
2020-03-09 18:36:02,193:INFO: - Train metrics: accuracy: 0.637 ; loss: 1.088
2020-03-09 18:36:03,195:INFO: - Eval metrics : accuracy: 0.667 ; loss: 0.000
2020-03-09 18:36:03,968:INFO: - Found new best accuracy
2020-03-09 18:36:03,969:INFO: Epoch 6/100
2020-03-09 18:36:17,340:INFO: - Train metrics: accuracy: 0.723 ; loss: 1.021
2020-03-09 18:36:18,392:INFO: - Eval metrics : accuracy: 0.689 ; loss: 0.000
2020-03-09 18:36:19,184:INFO: - Found new best accuracy
2020-03-09 18:36:19,185:INFO: Epoch 7/100
2020-03-09 18:36:32,595:INFO: - Train metrics: accuracy: 0.717 ; loss: 1.020
2020-03-09 18:36:33,606:INFO: - Eval metrics : accuracy: 0.711 ; loss: 0.000
2020-03-09 18:36:34,737:INFO: - Found new best accuracy
2020-03-09 18:36:34,738:INFO: Epoch 8/100
2020-03-09 18:36:48,164:INFO: - Train metrics: accuracy: 0.744 ; loss: 0.992
2020-03-09 18:36:49,198:INFO: - Eval metrics : accuracy: 0.727 ; loss: 0.000
2020-03-09 18:36:50,386:INFO: - Found new best accuracy
2020-03-09 18:36:50,387:INFO: Epoch 9/100
2020-03-09 18:37:03,833:INFO: - Train metrics: accuracy: 0.748 ; loss: 0.960
2020-03-09 18:37:04,842:INFO: - Eval metrics : accuracy: 0.738 ; loss: 0.000
2020-03-09 18:37:05,875:INFO: - Found new best accuracy
2020-03-09 18:37:05,876:INFO: Epoch 10/100
2020-03-09 18:37:19,378:INFO: - Train metrics: accuracy: 0.746 ; loss: 0.969
2020-03-09 18:37:20,377:INFO: - Eval metrics : accuracy: 0.754 ; loss: 0.000
2020-03-09 18:37:22,510:INFO: - Found new best accuracy
2020-03-09 18:37:22,511:INFO: Epoch 11/100
2020-03-09 18:37:35,948:INFO: - Train metrics: accuracy: 0.775 ; loss: 0.958
2020-03-09 18:37:36,970:INFO: - Eval metrics : accuracy: 0.777 ; loss: 0.000
2020-03-09 18:37:37,706:INFO: - Found new best accuracy
2020-03-09 18:37:37,707:INFO: Epoch 12/100
2020-03-09 18:37:51,184:INFO: - Train metrics: accuracy: 0.805 ; loss: 0.906
2020-03-09 18:37:52,209:INFO: - Eval metrics : accuracy: 0.788 ; loss: 0.000
2020-03-09 18:37:53,299:INFO: - Found new best accuracy
2020-03-09 18:37:53,300:INFO: Epoch 13/100
2020-03-09 18:38:06,696:INFO: - Train metrics: accuracy: 0.809 ; loss: 0.896
2020-03-09 18:38:07,736:INFO: - Eval metrics : accuracy: 0.777 ; loss: 0.000
2020-03-09 18:38:08,120:INFO: Epoch 14/100
2020-03-09 18:38:21,582:INFO: - Train metrics: accuracy: 0.848 ; loss: 0.859
2020-03-09 18:38:22,581:INFO: - Eval metrics : accuracy: 0.810 ; loss: 0.000
2020-03-09 18:38:23,988:INFO: - Found new best accuracy
2020-03-09 18:38:23,989:INFO: Epoch 15/100
2020-03-09 18:38:37,383:INFO: - Train metrics: accuracy: 0.826 ; loss: 0.851
2020-03-09 18:38:38,369:INFO: - Eval metrics : accuracy: 0.798 ; loss: 0.000
2020-03-09 18:38:38,975:INFO: Epoch 16/100
2020-03-09 18:38:52,403:INFO: - Train metrics: accuracy: 0.830 ; loss: 0.881
2020-03-09 18:38:53,409:INFO: - Eval metrics : accuracy: 0.803 ; loss: 0.000
2020-03-09 18:38:54,051:INFO: Epoch 17/100
2020-03-09 18:39:07,465:INFO: - Train metrics: accuracy: 0.854 ; loss: 0.844
2020-03-09 18:39:08,520:INFO: - Eval metrics : accuracy: 0.802 ; loss: 0.000
2020-03-09 18:39:09,131:INFO: Epoch 18/100
2020-03-09 18:39:22,594:INFO: - Train metrics: accuracy: 0.832 ; loss: 0.859
2020-03-09 18:39:23,544:INFO: - Eval metrics : accuracy: 0.818 ; loss: 0.000
2020-03-09 18:39:24,450:INFO: - Found new best accuracy
2020-03-09 18:39:24,451:INFO: Epoch 19/100
2020-03-09 18:39:37,870:INFO: - Train metrics: accuracy: 0.846 ; loss: 0.843
2020-03-09 18:39:38,899:INFO: - Eval metrics : accuracy: 0.823 ; loss: 0.000
2020-03-09 18:39:39,563:INFO: - Found new best accuracy
2020-03-09 18:39:39,564:INFO: Epoch 20/100
2020-03-09 18:39:53,008:INFO: - Train metrics: accuracy: 0.848 ; loss: 0.837
2020-03-09 18:39:54,002:INFO: - Eval metrics : accuracy: 0.824 ; loss: 0.000
2020-03-09 18:39:54,509:INFO: - Found new best accuracy
2020-03-09 18:39:54,510:INFO: Epoch 21/100
2020-03-09 18:40:07,975:INFO: - Train metrics: accuracy: 0.852 ; loss: 0.842
2020-03-09 18:40:08,960:INFO: - Eval metrics : accuracy: 0.816 ; loss: 0.000
2020-03-09 18:40:09,716:INFO: Epoch 22/100
2020-03-09 18:40:23,151:INFO: - Train metrics: accuracy: 0.895 ; loss: 0.801
2020-03-09 18:40:24,175:INFO: - Eval metrics : accuracy: 0.833 ; loss: 0.000
2020-03-09 18:40:25,021:INFO: - Found new best accuracy
2020-03-09 18:40:25,022:INFO: Epoch 23/100
2020-03-09 18:40:38,472:INFO: - Train metrics: accuracy: 0.863 ; loss: 0.828
2020-03-09 18:40:39,505:INFO: - Eval metrics : accuracy: 0.837 ; loss: 0.000
2020-03-09 18:40:40,760:INFO: - Found new best accuracy
2020-03-09 18:40:40,761:INFO: Epoch 24/100
2020-03-09 18:40:54,193:INFO: - Train metrics: accuracy: 0.896 ; loss: 0.782
2020-03-09 18:40:55,170:INFO: - Eval metrics : accuracy: 0.848 ; loss: 0.000
2020-03-09 18:40:55,914:INFO: - Found new best accuracy
2020-03-09 18:40:55,915:INFO: Epoch 25/100
2020-03-09 18:41:09,345:INFO: - Train metrics: accuracy: 0.916 ; loss: 0.772
2020-03-09 18:41:10,390:INFO: - Eval metrics : accuracy: 0.846 ; loss: 0.000
2020-03-09 18:41:11,288:INFO: Epoch 26/100
2020-03-09 18:41:24,760:INFO: - Train metrics: accuracy: 0.898 ; loss: 0.780
2020-03-09 18:41:25,803:INFO: - Eval metrics : accuracy: 0.846 ; loss: 0.000
2020-03-09 18:41:26,185:INFO: Epoch 27/100
2020-03-09 18:41:39,646:INFO: - Train metrics: accuracy: 0.902 ; loss: 0.772
2020-03-09 18:41:40,658:INFO: - Eval metrics : accuracy: 0.845 ; loss: 0.000
2020-03-09 18:41:40,909:INFO: Epoch 28/100
2020-03-09 18:41:54,330:INFO: - Train metrics: accuracy: 0.912 ; loss: 0.760
2020-03-09 18:41:55,319:INFO: - Eval metrics : accuracy: 0.839 ; loss: 0.000
2020-03-09 18:41:55,564:INFO: Epoch 29/100
2020-03-09 18:42:08,997:INFO: - Train metrics: accuracy: 0.896 ; loss: 0.772
2020-03-09 18:42:09,980:INFO: - Eval metrics : accuracy: 0.844 ; loss: 0.000
2020-03-09 18:42:11,044:INFO: Epoch 30/100
2020-03-09 18:42:24,492:INFO: - Train metrics: accuracy: 0.887 ; loss: 0.777
2020-03-09 18:42:25,493:INFO: - Eval metrics : accuracy: 0.854 ; loss: 0.000
2020-03-09 18:42:26,405:INFO: - Found new best accuracy
2020-03-09 18:42:26,406:INFO: Epoch 31/100
2020-03-09 18:42:39,833:INFO: - Train metrics: accuracy: 0.885 ; loss: 0.796
2020-03-09 18:42:40,852:INFO: - Eval metrics : accuracy: 0.849 ; loss: 0.000
2020-03-09 18:42:41,206:INFO: Epoch 32/100
2020-03-09 18:42:54,661:INFO: - Train metrics: accuracy: 0.904 ; loss: 0.764
2020-03-09 18:42:55,659:INFO: - Eval metrics : accuracy: 0.860 ; loss: 0.000
2020-03-09 18:42:57,268:INFO: - Found new best accuracy
2020-03-09 18:42:57,269:INFO: Epoch 33/100
2020-03-09 18:43:10,678:INFO: - Train metrics: accuracy: 0.914 ; loss: 0.750
2020-03-09 18:43:11,669:INFO: - Eval metrics : accuracy: 0.849 ; loss: 0.000
2020-03-09 18:43:12,759:INFO: Epoch 34/100
2020-03-09 18:43:26,146:INFO: - Train metrics: accuracy: 0.930 ; loss: 0.732
2020-03-09 18:43:27,135:INFO: - Eval metrics : accuracy: 0.856 ; loss: 0.000
2020-03-09 18:43:27,802:INFO: Epoch 35/100
2020-03-09 18:43:41,251:INFO: - Train metrics: accuracy: 0.914 ; loss: 0.767
2020-03-09 18:43:42,244:INFO: - Eval metrics : accuracy: 0.849 ; loss: 0.000
2020-03-09 18:43:43,009:INFO: Epoch 36/100
2020-03-09 18:43:56,429:INFO: - Train metrics: accuracy: 0.934 ; loss: 0.735
2020-03-09 18:43:57,455:INFO: - Eval metrics : accuracy: 0.865 ; loss: 0.000
2020-03-09 18:43:58,461:INFO: - Found new best accuracy
2020-03-09 18:43:58,462:INFO: Epoch 37/100
2020-03-09 18:44:11,908:INFO: - Train metrics: accuracy: 0.916 ; loss: 0.751
2020-03-09 18:44:12,923:INFO: - Eval metrics : accuracy: 0.871 ; loss: 0.000
2020-03-09 18:44:14,191:INFO: - Found new best accuracy
2020-03-09 18:44:14,191:INFO: Epoch 38/100
2020-03-09 18:44:27,620:INFO: - Train metrics: accuracy: 0.932 ; loss: 0.734
2020-03-09 18:44:28,647:INFO: - Eval metrics : accuracy: 0.861 ; loss: 0.000
2020-03-09 18:44:29,023:INFO: Epoch 39/100
2020-03-09 18:44:42,467:INFO: - Train metrics: accuracy: 0.918 ; loss: 0.738
2020-03-09 18:44:43,501:INFO: - Eval metrics : accuracy: 0.876 ; loss: 0.000
2020-03-09 18:44:44,252:INFO: - Found new best accuracy
2020-03-09 18:44:44,253:INFO: Epoch 40/100
2020-03-09 18:44:57,658:INFO: - Train metrics: accuracy: 0.926 ; loss: 0.745
2020-03-09 18:44:58,705:INFO: - Eval metrics : accuracy: 0.866 ; loss: 0.000
2020-03-09 18:44:59,207:INFO: Epoch 41/100
2020-03-09 18:45:12,640:INFO: - Train metrics: accuracy: 0.930 ; loss: 0.747
2020-03-09 18:45:13,651:INFO: - Eval metrics : accuracy: 0.867 ; loss: 0.000
2020-03-09 18:45:14,010:INFO: Epoch 42/100
2020-03-09 18:45:27,520:INFO: - Train metrics: accuracy: 0.936 ; loss: 0.734
2020-03-09 18:45:28,546:INFO: - Eval metrics : accuracy: 0.853 ; loss: 0.000
2020-03-09 18:45:28,913:INFO: Epoch 43/100
2020-03-09 18:45:42,339:INFO: - Train metrics: accuracy: 0.930 ; loss: 0.714
2020-03-09 18:45:43,348:INFO: - Eval metrics : accuracy: 0.869 ; loss: 0.000
2020-03-09 18:45:43,700:INFO: Epoch 44/100
2020-03-09 18:45:57,163:INFO: - Train metrics: accuracy: 0.932 ; loss: 0.720
2020-03-09 18:45:58,184:INFO: - Eval metrics : accuracy: 0.869 ; loss: 0.000
2020-03-09 18:45:58,556:INFO: Epoch 45/100
2020-03-09 18:46:11,999:INFO: - Train metrics: accuracy: 0.945 ; loss: 0.715
2020-03-09 18:46:13,014:INFO: - Eval metrics : accuracy: 0.847 ; loss: 0.000
2020-03-09 18:46:13,367:INFO: Epoch 46/100
2020-03-09 18:46:26,844:INFO: - Train metrics: accuracy: 0.947 ; loss: 0.717
2020-03-09 18:46:27,853:INFO: - Eval metrics : accuracy: 0.868 ; loss: 0.000
2020-03-09 18:46:28,805:INFO: Epoch 47/100
2020-03-09 18:46:42,275:INFO: - Train metrics: accuracy: 0.947 ; loss: 0.696
2020-03-09 18:46:43,302:INFO: - Eval metrics : accuracy: 0.862 ; loss: 0.000
2020-03-09 18:46:43,781:INFO: Epoch 48/100
2020-03-09 18:46:57,226:INFO: - Train metrics: accuracy: 0.924 ; loss: 0.743
2020-03-09 18:46:58,240:INFO: - Eval metrics : accuracy: 0.871 ; loss: 0.000
2020-03-09 18:46:58,709:INFO: Epoch 49/100
2020-03-09 18:47:12,133:INFO: - Train metrics: accuracy: 0.945 ; loss: 0.718
2020-03-09 18:47:13,119:INFO: - Eval metrics : accuracy: 0.873 ; loss: 0.000
2020-03-09 18:47:13,370:INFO: Epoch 50/100
2020-03-09 18:47:26,834:INFO: - Train metrics: accuracy: 0.963 ; loss: 0.679
2020-03-09 18:47:27,880:INFO: - Eval metrics : accuracy: 0.892 ; loss: 0.000
2020-03-09 18:47:29,264:INFO: - Found new best accuracy
2020-03-09 18:47:29,265:INFO: Epoch 51/100
2020-03-09 18:47:42,680:INFO: - Train metrics: accuracy: 0.961 ; loss: 0.689
2020-03-09 18:47:43,686:INFO: - Eval metrics : accuracy: 0.891 ; loss: 0.000
2020-03-09 18:47:44,273:INFO: Epoch 52/100
2020-03-09 18:47:57,710:INFO: - Train metrics: accuracy: 0.971 ; loss: 0.676
2020-03-09 18:47:58,725:INFO: - Eval metrics : accuracy: 0.892 ; loss: 0.000
2020-03-09 18:48:00,135:INFO: - Found new best accuracy
2020-03-09 18:48:00,136:INFO: Epoch 53/100
2020-03-09 18:48:13,566:INFO: - Train metrics: accuracy: 0.990 ; loss: 0.670
2020-03-09 18:48:14,570:INFO: - Eval metrics : accuracy: 0.891 ; loss: 0.000
2020-03-09 18:48:14,940:INFO: Epoch 54/100
2020-03-09 18:48:28,383:INFO: - Train metrics: accuracy: 0.949 ; loss: 0.689
2020-03-09 18:48:29,439:INFO: - Eval metrics : accuracy: 0.891 ; loss: 0.000
2020-03-09 18:48:30,058:INFO: Epoch 55/100
2020-03-09 18:48:43,497:INFO: - Train metrics: accuracy: 0.967 ; loss: 0.688
2020-03-09 18:48:44,495:INFO: - Eval metrics : accuracy: 0.894 ; loss: 0.000
2020-03-09 18:48:45,844:INFO: - Found new best accuracy
2020-03-09 18:48:45,845:INFO: Epoch 56/100
2020-03-09 18:48:59,273:INFO: - Train metrics: accuracy: 0.977 ; loss: 0.669
2020-03-09 18:49:00,305:INFO: - Eval metrics : accuracy: 0.893 ; loss: 0.000
2020-03-09 18:49:00,555:INFO: Epoch 57/100
2020-03-09 18:49:13,999:INFO: - Train metrics: accuracy: 0.984 ; loss: 0.658
2020-03-09 18:49:15,010:INFO: - Eval metrics : accuracy: 0.894 ; loss: 0.000
2020-03-09 18:49:15,801:INFO: Epoch 58/100
2020-03-09 18:49:29,230:INFO: - Train metrics: accuracy: 0.967 ; loss: 0.687
2020-03-09 18:49:30,308:INFO: - Eval metrics : accuracy: 0.893 ; loss: 0.000
2020-03-09 18:49:30,560:INFO: Epoch 59/100
2020-03-09 18:49:43,987:INFO: - Train metrics: accuracy: 0.969 ; loss: 0.676
2020-03-09 18:49:44,996:INFO: - Eval metrics : accuracy: 0.893 ; loss: 0.000
2020-03-09 18:49:45,393:INFO: Epoch 60/100
2020-03-09 18:49:58,849:INFO: - Train metrics: accuracy: 0.971 ; loss: 0.677
2020-03-09 18:49:59,881:INFO: - Eval metrics : accuracy: 0.894 ; loss: 0.000
2020-03-09 18:50:00,663:INFO: Epoch 61/100
2020-03-09 18:50:14,087:INFO: - Train metrics: accuracy: 0.975 ; loss: 0.663
2020-03-09 18:50:15,071:INFO: - Eval metrics : accuracy: 0.893 ; loss: 0.000
2020-03-09 18:50:15,590:INFO: Epoch 62/100
2020-03-09 18:50:29,079:INFO: - Train metrics: accuracy: 0.980 ; loss: 0.666
2020-03-09 18:50:30,160:INFO: - Eval metrics : accuracy: 0.893 ; loss: 0.000
2020-03-09 18:50:30,921:INFO: Epoch 63/100
2020-03-09 18:50:44,390:INFO: - Train metrics: accuracy: 0.971 ; loss: 0.675
2020-03-09 18:50:45,374:INFO: - Eval metrics : accuracy: 0.895 ; loss: 0.000
2020-03-09 18:50:46,870:INFO: - Found new best accuracy
2020-03-09 18:50:46,871:INFO: Epoch 64/100
2020-03-09 18:51:00,314:INFO: - Train metrics: accuracy: 0.979 ; loss: 0.671
2020-03-09 18:51:01,365:INFO: - Eval metrics : accuracy: 0.893 ; loss: 0.000
2020-03-09 18:51:01,741:INFO: Epoch 65/100
2020-03-09 18:51:15,152:INFO: - Train metrics: accuracy: 0.971 ; loss: 0.685
2020-03-09 18:51:16,164:INFO: - Eval metrics : accuracy: 0.895 ; loss: 0.000
2020-03-09 18:51:16,912:INFO: Epoch 66/100
2020-03-09 18:51:30,347:INFO: - Train metrics: accuracy: 0.971 ; loss: 0.680
2020-03-09 18:51:31,337:INFO: - Eval metrics : accuracy: 0.895 ; loss: 0.000
2020-03-09 18:51:31,718:INFO: Epoch 67/100
2020-03-09 18:51:45,155:INFO: - Train metrics: accuracy: 0.977 ; loss: 0.668
2020-03-09 18:51:46,168:INFO: - Eval metrics : accuracy: 0.895 ; loss: 0.000
2020-03-09 18:51:46,625:INFO: Epoch 68/100
2020-03-09 18:52:00,094:INFO: - Train metrics: accuracy: 0.979 ; loss: 0.665
2020-03-09 18:52:01,113:INFO: - Eval metrics : accuracy: 0.894 ; loss: 0.000
2020-03-09 18:52:01,981:INFO: Epoch 69/100
2020-03-09 18:52:15,433:INFO: - Train metrics: accuracy: 0.979 ; loss: 0.663
2020-03-09 18:52:16,435:INFO: - Eval metrics : accuracy: 0.894 ; loss: 0.000
2020-03-09 18:52:16,794:INFO: Epoch 70/100
2020-03-09 18:52:30,235:INFO: - Train metrics: accuracy: 0.984 ; loss: 0.677
2020-03-09 18:52:31,287:INFO: - Eval metrics : accuracy: 0.894 ; loss: 0.000
2020-03-09 18:52:31,537:INFO: Epoch 71/100
2020-03-09 18:52:45,064:INFO: - Train metrics: accuracy: 0.977 ; loss: 0.674
2020-03-09 18:52:46,105:INFO: - Eval metrics : accuracy: 0.896 ; loss: 0.000
2020-03-09 18:52:47,606:INFO: - Found new best accuracy
2020-03-09 18:52:47,606:INFO: Epoch 72/100
2020-03-09 18:53:01,085:INFO: - Train metrics: accuracy: 0.975 ; loss: 0.672
2020-03-09 18:53:02,110:INFO: - Eval metrics : accuracy: 0.895 ; loss: 0.000
2020-03-09 18:53:03,009:INFO: Epoch 73/100
2020-03-09 18:53:16,436:INFO: - Train metrics: accuracy: 0.977 ; loss: 0.662
2020-03-09 18:53:17,454:INFO: - Eval metrics : accuracy: 0.893 ; loss: 0.000
2020-03-09 18:53:17,700:INFO: Epoch 74/100
2020-03-09 18:53:31,122:INFO: - Train metrics: accuracy: 0.969 ; loss: 0.681
2020-03-09 18:53:32,112:INFO: - Eval metrics : accuracy: 0.893 ; loss: 0.000
2020-03-09 18:53:32,485:INFO: Epoch 75/100
2020-03-09 18:53:45,923:INFO: - Train metrics: accuracy: 0.975 ; loss: 0.676
2020-03-09 18:53:46,970:INFO: - Eval metrics : accuracy: 0.894 ; loss: 0.000
2020-03-09 18:53:47,332:INFO: Epoch 76/100
2020-03-09 18:54:00,785:INFO: - Train metrics: accuracy: 0.971 ; loss: 0.675
2020-03-09 18:54:01,776:INFO: - Eval metrics : accuracy: 0.893 ; loss: 0.000
2020-03-09 18:54:02,272:INFO: Epoch 77/100
2020-03-09 18:54:15,691:INFO: - Train metrics: accuracy: 0.988 ; loss: 0.652
2020-03-09 18:54:16,790:INFO: - Eval metrics : accuracy: 0.893 ; loss: 0.000
2020-03-09 18:54:17,039:INFO: Epoch 78/100
2020-03-09 18:54:30,444:INFO: - Train metrics: accuracy: 0.973 ; loss: 0.666
2020-03-09 18:54:31,501:INFO: - Eval metrics : accuracy: 0.892 ; loss: 0.000
2020-03-09 18:54:31,975:INFO: Epoch 79/100
2020-03-09 18:54:45,395:INFO: - Train metrics: accuracy: 0.967 ; loss: 0.669
2020-03-09 18:54:46,430:INFO: - Eval metrics : accuracy: 0.892 ; loss: 0.000
2020-03-09 18:54:46,683:INFO: Epoch 80/100
2020-03-09 18:55:00,141:INFO: - Train metrics: accuracy: 0.986 ; loss: 0.660
2020-03-09 18:55:01,180:INFO: - Eval metrics : accuracy: 0.895 ; loss: 0.000
2020-03-09 18:55:01,691:INFO: Epoch 81/100
2020-03-09 18:55:15,148:INFO: - Train metrics: accuracy: 0.982 ; loss: 0.675
2020-03-09 18:55:16,141:INFO: - Eval metrics : accuracy: 0.893 ; loss: 0.000
2020-03-09 18:55:16,393:INFO: Epoch 82/100
2020-03-09 18:55:29,850:INFO: - Train metrics: accuracy: 0.979 ; loss: 0.671
2020-03-09 18:55:30,902:INFO: - Eval metrics : accuracy: 0.892 ; loss: 0.000
2020-03-09 18:55:31,365:INFO: Epoch 83/100
2020-03-09 18:55:44,766:INFO: - Train metrics: accuracy: 0.979 ; loss: 0.660
2020-03-09 18:55:45,775:INFO: - Eval metrics : accuracy: 0.894 ; loss: 0.000
2020-03-09 18:55:46,023:INFO: Epoch 84/100
2020-03-09 18:55:59,468:INFO: - Train metrics: accuracy: 0.984 ; loss: 0.651
2020-03-09 18:56:00,516:INFO: - Eval metrics : accuracy: 0.894 ; loss: 0.000
2020-03-09 18:56:00,770:INFO: Epoch 85/100
2020-03-09 18:56:14,191:INFO: - Train metrics: accuracy: 0.980 ; loss: 0.665
2020-03-09 18:56:15,214:INFO: - Eval metrics : accuracy: 0.895 ; loss: 0.000
2020-03-09 18:56:15,571:INFO: Epoch 86/100
2020-03-09 18:56:29,034:INFO: - Train metrics: accuracy: 0.979 ; loss: 0.665
2020-03-09 18:56:30,062:INFO: - Eval metrics : accuracy: 0.894 ; loss: 0.000
2020-03-09 18:56:30,425:INFO: Epoch 87/100
2020-03-09 18:56:43,880:INFO: - Train metrics: accuracy: 0.979 ; loss: 0.656
2020-03-09 18:56:44,874:INFO: - Eval metrics : accuracy: 0.894 ; loss: 0.000
2020-03-09 18:56:45,360:INFO: Epoch 88/100
2020-03-09 18:56:58,785:INFO: - Train metrics: accuracy: 0.977 ; loss: 0.667
2020-03-09 18:56:59,809:INFO: - Eval metrics : accuracy: 0.894 ; loss: 0.000
2020-03-09 18:57:00,062:INFO: Epoch 89/100
2020-03-09 18:57:13,499:INFO: - Train metrics: accuracy: 0.984 ; loss: 0.678
2020-03-09 18:57:14,480:INFO: - Eval metrics : accuracy: 0.894 ; loss: 0.000
2020-03-09 18:57:14,728:INFO: Epoch 90/100
2020-03-09 18:57:28,183:INFO: - Train metrics: accuracy: 0.984 ; loss: 0.656
2020-03-09 18:57:29,233:INFO: - Eval metrics : accuracy: 0.894 ; loss: 0.000
2020-03-09 18:57:29,764:INFO: Epoch 91/100
2020-03-09 18:57:43,198:INFO: - Train metrics: accuracy: 0.980 ; loss: 0.669
2020-03-09 18:57:44,193:INFO: - Eval metrics : accuracy: 0.895 ; loss: 0.000
2020-03-09 18:57:44,846:INFO: Epoch 92/100
2020-03-09 18:57:58,294:INFO: - Train metrics: accuracy: 0.977 ; loss: 0.677
2020-03-09 18:57:59,302:INFO: - Eval metrics : accuracy: 0.893 ; loss: 0.000
2020-03-09 18:57:59,557:INFO: Epoch 93/100
2020-03-09 18:58:13,032:INFO: - Train metrics: accuracy: 0.988 ; loss: 0.650
2020-03-09 18:58:14,028:INFO: - Eval metrics : accuracy: 0.893 ; loss: 0.000
2020-03-09 18:58:14,637:INFO: Epoch 94/100
2020-03-09 18:58:28,099:INFO: - Train metrics: accuracy: 0.988 ; loss: 0.658
2020-03-09 18:58:29,124:INFO: - Eval metrics : accuracy: 0.897 ; loss: 0.000
2020-03-09 18:58:30,761:INFO: - Found new best accuracy
2020-03-09 18:58:30,762:INFO: Epoch 95/100
2020-03-09 18:58:44,198:INFO: - Train metrics: accuracy: 0.984 ; loss: 0.669
2020-03-09 18:58:45,197:INFO: - Eval metrics : accuracy: 0.894 ; loss: 0.000
2020-03-09 18:58:45,588:INFO: Epoch 96/100
2020-03-09 18:58:59,014:INFO: - Train metrics: accuracy: 0.986 ; loss: 0.662
2020-03-09 18:59:00,049:INFO: - Eval metrics : accuracy: 0.893 ; loss: 0.000
2020-03-09 18:59:00,307:INFO: Epoch 97/100
2020-03-09 18:59:13,707:INFO: - Train metrics: accuracy: 0.988 ; loss: 0.656
2020-03-09 18:59:14,742:INFO: - Eval metrics : accuracy: 0.893 ; loss: 0.000
2020-03-09 18:59:15,105:INFO: Epoch 98/100
2020-03-09 18:59:28,551:INFO: - Train metrics: accuracy: 0.980 ; loss: 0.668
2020-03-09 18:59:29,580:INFO: - Eval metrics : accuracy: 0.892 ; loss: 0.000
2020-03-09 18:59:29,964:INFO: Epoch 99/100
2020-03-09 18:59:43,375:INFO: - Train metrics: accuracy: 0.982 ; loss: 0.668
2020-03-09 18:59:44,396:INFO: - Eval metrics : accuracy: 0.892 ; loss: 0.000
2020-03-09 18:59:44,906:INFO: Epoch 100/100
2020-03-09 18:59:58,338:INFO: - Train metrics: accuracy: 0.986 ; loss: 0.663
2020-03-09 18:59:59,349:INFO: - Eval metrics : accuracy: 0.893 ; loss: 0.000
