2020-03-11 22:25:39,749:INFO: Loading the datasets...
2020-03-11 22:25:43,261:INFO: - done.
2020-03-11 22:25:47,381:INFO: Experiment - model version: res50-res34_distill
2020-03-11 22:25:47,381:INFO: Starting training for 100 epoch(s)
2020-03-11 22:25:47,381:INFO: First, loading the teacher model and computing its outputs...
2020-03-11 22:26:45,041:INFO: Loading the datasets...
2020-03-11 22:26:48,508:INFO: - done.
2020-03-11 22:26:52,671:INFO: Experiment - model version: res50-res34_distill
2020-03-11 22:26:52,671:INFO: Starting training for 100 epoch(s)
2020-03-11 22:26:52,671:INFO: First, loading the teacher model and computing its outputs...
2020-03-11 22:27:07,936:INFO: - Finished computing teacher outputs after 16 secs..
2020-03-11 22:27:07,937:INFO: Epoch 1/100
2020-03-11 22:27:29,974:INFO: - Train metrics: accuracy: 0.359 ; loss: 1.642
2020-03-11 22:27:31,511:INFO: - Eval metrics : accuracy: 0.446 ; loss: 0.000
2020-03-11 22:27:31,853:INFO: - Found new best accuracy
2020-03-11 22:27:31,854:INFO: Epoch 2/100
2020-03-11 22:27:53,909:INFO: - Train metrics: accuracy: 0.553 ; loss: 1.257
2020-03-11 22:27:55,442:INFO: - Eval metrics : accuracy: 0.581 ; loss: 0.000
2020-03-11 22:27:57,101:INFO: - Found new best accuracy
2020-03-11 22:27:57,102:INFO: Epoch 3/100
2020-03-11 22:28:19,222:INFO: - Train metrics: accuracy: 0.662 ; loss: 1.050
2020-03-11 22:28:20,773:INFO: - Eval metrics : accuracy: 0.672 ; loss: 0.000
2020-03-11 22:28:22,503:INFO: - Found new best accuracy
2020-03-11 22:28:22,504:INFO: Epoch 4/100
2020-03-11 22:28:44,684:INFO: - Train metrics: accuracy: 0.689 ; loss: 0.952
2020-03-11 22:28:46,244:INFO: - Eval metrics : accuracy: 0.700 ; loss: 0.000
2020-03-11 22:28:47,781:INFO: - Found new best accuracy
2020-03-11 22:28:47,782:INFO: Epoch 5/100
2020-03-11 22:29:09,942:INFO: - Train metrics: accuracy: 0.752 ; loss: 0.831
2020-03-11 22:29:11,484:INFO: - Eval metrics : accuracy: 0.745 ; loss: 0.000
2020-03-11 22:29:13,096:INFO: - Found new best accuracy
2020-03-11 22:29:13,097:INFO: Epoch 6/100
2020-03-11 22:29:35,253:INFO: - Train metrics: accuracy: 0.762 ; loss: 0.803
2020-03-11 22:29:36,780:INFO: - Eval metrics : accuracy: 0.758 ; loss: 0.000
2020-03-11 22:29:38,561:INFO: - Found new best accuracy
2020-03-11 22:29:38,562:INFO: Epoch 7/100
2020-03-11 22:30:00,727:INFO: - Train metrics: accuracy: 0.773 ; loss: 0.752
2020-03-11 22:30:02,281:INFO: - Eval metrics : accuracy: 0.768 ; loss: 0.000
2020-03-11 22:30:03,822:INFO: - Found new best accuracy
2020-03-11 22:30:03,823:INFO: Epoch 8/100
2020-03-11 22:30:26,041:INFO: - Train metrics: accuracy: 0.820 ; loss: 0.702
2020-03-11 22:30:27,578:INFO: - Eval metrics : accuracy: 0.799 ; loss: 0.000
2020-03-11 22:30:29,125:INFO: - Found new best accuracy
2020-03-11 22:30:29,125:INFO: Epoch 9/100
2020-03-11 22:30:51,297:INFO: - Train metrics: accuracy: 0.836 ; loss: 0.663
2020-03-11 22:30:52,825:INFO: - Eval metrics : accuracy: 0.796 ; loss: 0.000
2020-03-11 22:30:53,303:INFO: Epoch 10/100
2020-03-11 22:31:15,450:INFO: - Train metrics: accuracy: 0.842 ; loss: 0.660
2020-03-11 22:31:16,999:INFO: - Eval metrics : accuracy: 0.811 ; loss: 0.000
2020-03-11 22:31:18,542:INFO: - Found new best accuracy
2020-03-11 22:31:18,543:INFO: Epoch 11/100
2020-03-11 22:31:40,712:INFO: - Train metrics: accuracy: 0.854 ; loss: 0.611
2020-03-11 22:31:42,255:INFO: - Eval metrics : accuracy: 0.819 ; loss: 0.000
2020-03-11 22:31:43,859:INFO: - Found new best accuracy
2020-03-11 22:31:43,860:INFO: Epoch 12/100
2020-03-11 22:32:06,012:INFO: - Train metrics: accuracy: 0.873 ; loss: 0.568
2020-03-11 22:32:07,568:INFO: - Eval metrics : accuracy: 0.815 ; loss: 0.000
2020-03-11 22:32:08,282:INFO: Epoch 13/100
2020-03-11 22:32:30,473:INFO: - Train metrics: accuracy: 0.848 ; loss: 0.594
2020-03-11 22:32:32,003:INFO: - Eval metrics : accuracy: 0.821 ; loss: 0.000
2020-03-11 22:32:33,653:INFO: - Found new best accuracy
2020-03-11 22:32:33,653:INFO: Epoch 14/100
2020-03-11 22:32:55,891:INFO: - Train metrics: accuracy: 0.893 ; loss: 0.517
2020-03-11 22:32:57,428:INFO: - Eval metrics : accuracy: 0.840 ; loss: 0.000
2020-03-11 22:32:58,966:INFO: - Found new best accuracy
2020-03-11 22:32:58,967:INFO: Epoch 15/100
2020-03-11 22:33:21,161:INFO: - Train metrics: accuracy: 0.869 ; loss: 0.574
2020-03-11 22:33:22,711:INFO: - Eval metrics : accuracy: 0.849 ; loss: 0.000
2020-03-11 22:33:24,760:INFO: - Found new best accuracy
2020-03-11 22:33:24,761:INFO: Epoch 16/100
2020-03-11 22:33:46,993:INFO: - Train metrics: accuracy: 0.916 ; loss: 0.481
2020-03-11 22:33:48,549:INFO: - Eval metrics : accuracy: 0.840 ; loss: 0.000
2020-03-11 22:33:49,040:INFO: Epoch 17/100
2020-03-11 22:34:11,272:INFO: - Train metrics: accuracy: 0.912 ; loss: 0.500
2020-03-11 22:34:12,828:INFO: - Eval metrics : accuracy: 0.856 ; loss: 0.000
2020-03-11 22:34:14,371:INFO: - Found new best accuracy
2020-03-11 22:34:14,372:INFO: Epoch 18/100
2020-03-11 22:34:36,611:INFO: - Train metrics: accuracy: 0.916 ; loss: 0.458
2020-03-11 22:34:38,162:INFO: - Eval metrics : accuracy: 0.854 ; loss: 0.000
2020-03-11 22:34:38,650:INFO: Epoch 19/100
2020-03-11 22:35:00,850:INFO: - Train metrics: accuracy: 0.916 ; loss: 0.490
2020-03-11 22:35:02,389:INFO: - Eval metrics : accuracy: 0.834 ; loss: 0.000
2020-03-11 22:35:03,122:INFO: Epoch 20/100
2020-03-11 22:35:25,326:INFO: - Train metrics: accuracy: 0.928 ; loss: 0.448
2020-03-11 22:35:26,848:INFO: - Eval metrics : accuracy: 0.853 ; loss: 0.000
2020-03-11 22:35:27,336:INFO: Epoch 21/100
2020-03-11 22:35:49,569:INFO: - Train metrics: accuracy: 0.926 ; loss: 0.432
2020-03-11 22:35:51,100:INFO: - Eval metrics : accuracy: 0.853 ; loss: 0.000
2020-03-11 22:35:51,584:INFO: Epoch 22/100
2020-03-11 22:36:13,731:INFO: - Train metrics: accuracy: 0.936 ; loss: 0.423
2020-03-11 22:36:15,275:INFO: - Eval metrics : accuracy: 0.866 ; loss: 0.000
2020-03-11 22:36:16,975:INFO: - Found new best accuracy
2020-03-11 22:36:16,975:INFO: Epoch 23/100
2020-03-11 22:36:39,165:INFO: - Train metrics: accuracy: 0.945 ; loss: 0.409
2020-03-11 22:36:40,700:INFO: - Eval metrics : accuracy: 0.869 ; loss: 0.000
2020-03-11 22:36:42,241:INFO: - Found new best accuracy
2020-03-11 22:36:42,242:INFO: Epoch 24/100
2020-03-11 22:37:04,485:INFO: - Train metrics: accuracy: 0.939 ; loss: 0.430
2020-03-11 22:37:06,030:INFO: - Eval metrics : accuracy: 0.866 ; loss: 0.000
2020-03-11 22:37:06,873:INFO: Epoch 25/100
2020-03-11 22:37:29,034:INFO: - Train metrics: accuracy: 0.924 ; loss: 0.436
2020-03-11 22:37:30,572:INFO: - Eval metrics : accuracy: 0.865 ; loss: 0.000
2020-03-11 22:37:31,407:INFO: Epoch 26/100
2020-03-11 22:37:53,648:INFO: - Train metrics: accuracy: 0.932 ; loss: 0.397
2020-03-11 22:37:55,195:INFO: - Eval metrics : accuracy: 0.861 ; loss: 0.000
2020-03-11 22:37:55,893:INFO: Epoch 27/100
2020-03-11 22:38:18,060:INFO: - Train metrics: accuracy: 0.947 ; loss: 0.404
2020-03-11 22:38:19,607:INFO: - Eval metrics : accuracy: 0.872 ; loss: 0.000
2020-03-11 22:38:21,146:INFO: - Found new best accuracy
2020-03-11 22:38:21,146:INFO: Epoch 28/100
2020-03-11 22:38:43,311:INFO: - Train metrics: accuracy: 0.947 ; loss: 0.396
2020-03-11 22:38:44,864:INFO: - Eval metrics : accuracy: 0.879 ; loss: 0.000
2020-03-11 22:38:46,408:INFO: - Found new best accuracy
2020-03-11 22:38:46,408:INFO: Epoch 29/100
2020-03-11 22:39:08,607:INFO: - Train metrics: accuracy: 0.926 ; loss: 0.437
2020-03-11 22:39:10,144:INFO: - Eval metrics : accuracy: 0.864 ; loss: 0.000
2020-03-11 22:39:10,918:INFO: Epoch 30/100
2020-03-11 22:39:33,112:INFO: - Train metrics: accuracy: 0.951 ; loss: 0.402
2020-03-11 22:39:34,669:INFO: - Eval metrics : accuracy: 0.877 ; loss: 0.000
2020-03-11 22:39:35,272:INFO: Epoch 31/100
2020-03-11 22:39:57,464:INFO: - Train metrics: accuracy: 0.957 ; loss: 0.383
2020-03-11 22:39:59,023:INFO: - Eval metrics : accuracy: 0.874 ; loss: 0.000
2020-03-11 22:39:59,493:INFO: Epoch 32/100
2020-03-11 22:40:21,701:INFO: - Train metrics: accuracy: 0.967 ; loss: 0.349
2020-03-11 22:40:23,259:INFO: - Eval metrics : accuracy: 0.877 ; loss: 0.000
2020-03-11 22:40:24,006:INFO: Epoch 33/100
2020-03-11 22:40:46,246:INFO: - Train metrics: accuracy: 0.959 ; loss: 0.362
2020-03-11 22:40:47,779:INFO: - Eval metrics : accuracy: 0.865 ; loss: 0.000
2020-03-11 22:40:48,254:INFO: Epoch 34/100
2020-03-11 22:41:10,477:INFO: - Train metrics: accuracy: 0.967 ; loss: 0.362
2020-03-11 22:41:12,013:INFO: - Eval metrics : accuracy: 0.877 ; loss: 0.000
2020-03-11 22:41:12,869:INFO: Epoch 35/100
2020-03-11 22:41:35,117:INFO: - Train metrics: accuracy: 0.961 ; loss: 0.370
2020-03-11 22:41:36,670:INFO: - Eval metrics : accuracy: 0.881 ; loss: 0.000
2020-03-11 22:41:38,302:INFO: - Found new best accuracy
2020-03-11 22:41:38,303:INFO: Epoch 36/100
2020-03-11 22:42:00,463:INFO: - Train metrics: accuracy: 0.977 ; loss: 0.333
2020-03-11 22:42:02,025:INFO: - Eval metrics : accuracy: 0.881 ; loss: 0.000
2020-03-11 22:42:02,841:INFO: Epoch 37/100
2020-03-11 22:42:25,091:INFO: - Train metrics: accuracy: 0.957 ; loss: 0.356
2020-03-11 22:42:26,649:INFO: - Eval metrics : accuracy: 0.884 ; loss: 0.000
2020-03-11 22:42:28,189:INFO: - Found new best accuracy
2020-03-11 22:42:28,189:INFO: Epoch 38/100
2020-03-11 22:42:50,386:INFO: - Train metrics: accuracy: 0.975 ; loss: 0.334
2020-03-11 22:42:51,926:INFO: - Eval metrics : accuracy: 0.887 ; loss: 0.000
2020-03-11 22:42:53,474:INFO: - Found new best accuracy
2020-03-11 22:42:53,475:INFO: Epoch 39/100
2020-03-11 22:43:15,704:INFO: - Train metrics: accuracy: 0.969 ; loss: 0.354
2020-03-11 22:43:17,248:INFO: - Eval metrics : accuracy: 0.888 ; loss: 0.000
2020-03-11 22:43:18,793:INFO: - Found new best accuracy
2020-03-11 22:43:18,794:INFO: Epoch 40/100
2020-03-11 22:43:41,083:INFO: - Train metrics: accuracy: 0.961 ; loss: 0.353
2020-03-11 22:43:42,641:INFO: - Eval metrics : accuracy: 0.886 ; loss: 0.000
2020-03-11 22:43:43,275:INFO: Epoch 41/100
2020-03-11 22:44:05,459:INFO: - Train metrics: accuracy: 0.986 ; loss: 0.318
2020-03-11 22:44:06,997:INFO: - Eval metrics : accuracy: 0.872 ; loss: 0.000
2020-03-11 22:44:07,870:INFO: Epoch 42/100
2020-03-11 22:44:30,073:INFO: - Train metrics: accuracy: 0.969 ; loss: 0.327
2020-03-11 22:44:31,613:INFO: - Eval metrics : accuracy: 0.883 ; loss: 0.000
2020-03-11 22:44:32,097:INFO: Epoch 43/100
2020-03-11 22:44:54,262:INFO: - Train metrics: accuracy: 0.975 ; loss: 0.329
2020-03-11 22:44:55,807:INFO: - Eval metrics : accuracy: 0.881 ; loss: 0.000
2020-03-11 22:44:56,419:INFO: Epoch 44/100
2020-03-11 22:45:18,676:INFO: - Train metrics: accuracy: 0.971 ; loss: 0.336
2020-03-11 22:45:20,227:INFO: - Eval metrics : accuracy: 0.877 ; loss: 0.000
2020-03-11 22:45:21,065:INFO: Epoch 45/100
2020-03-11 22:45:43,253:INFO: - Train metrics: accuracy: 0.969 ; loss: 0.343
2020-03-11 22:45:44,798:INFO: - Eval metrics : accuracy: 0.861 ; loss: 0.000
2020-03-11 22:45:45,658:INFO: Epoch 46/100
2020-03-11 22:46:07,806:INFO: - Train metrics: accuracy: 0.980 ; loss: 0.324
2020-03-11 22:46:09,345:INFO: - Eval metrics : accuracy: 0.885 ; loss: 0.000
2020-03-11 22:46:09,824:INFO: Epoch 47/100
2020-03-11 22:46:31,966:INFO: - Train metrics: accuracy: 0.990 ; loss: 0.309
2020-03-11 22:46:33,529:INFO: - Eval metrics : accuracy: 0.889 ; loss: 0.000
2020-03-11 22:46:35,070:INFO: - Found new best accuracy
2020-03-11 22:46:35,071:INFO: Epoch 48/100
2020-03-11 22:46:57,304:INFO: - Train metrics: accuracy: 0.982 ; loss: 0.322
2020-03-11 22:46:58,831:INFO: - Eval metrics : accuracy: 0.889 ; loss: 0.000
2020-03-11 22:47:00,369:INFO: - Found new best accuracy
2020-03-11 22:47:00,370:INFO: Epoch 49/100
2020-03-11 22:47:22,569:INFO: - Train metrics: accuracy: 0.979 ; loss: 0.323
2020-03-11 22:47:24,118:INFO: - Eval metrics : accuracy: 0.889 ; loss: 0.000
2020-03-11 22:47:24,607:INFO: Epoch 50/100
2020-03-11 22:47:46,817:INFO: - Train metrics: accuracy: 0.982 ; loss: 0.311
2020-03-11 22:47:48,359:INFO: - Eval metrics : accuracy: 0.907 ; loss: 0.000
2020-03-11 22:47:49,903:INFO: - Found new best accuracy
2020-03-11 22:47:49,903:INFO: Epoch 51/100
2020-03-11 22:48:12,191:INFO: - Train metrics: accuracy: 0.990 ; loss: 0.292
2020-03-11 22:48:13,746:INFO: - Eval metrics : accuracy: 0.908 ; loss: 0.000
2020-03-11 22:48:15,289:INFO: - Found new best accuracy
2020-03-11 22:48:15,289:INFO: Epoch 52/100
2020-03-11 22:48:37,459:INFO: - Train metrics: accuracy: 0.994 ; loss: 0.287
2020-03-11 22:48:39,000:INFO: - Eval metrics : accuracy: 0.906 ; loss: 0.000
2020-03-11 22:48:39,479:INFO: Epoch 53/100
2020-03-11 22:49:01,635:INFO: - Train metrics: accuracy: 0.996 ; loss: 0.284
2020-03-11 22:49:03,170:INFO: - Eval metrics : accuracy: 0.907 ; loss: 0.000
2020-03-11 22:49:03,766:INFO: Epoch 54/100
2020-03-11 22:49:25,991:INFO: - Train metrics: accuracy: 1.000 ; loss: 0.283
2020-03-11 22:49:27,530:INFO: - Eval metrics : accuracy: 0.908 ; loss: 0.000
2020-03-11 22:49:28,014:INFO: Epoch 55/100
2020-03-11 22:49:50,203:INFO: - Train metrics: accuracy: 1.000 ; loss: 0.279
2020-03-11 22:49:51,756:INFO: - Eval metrics : accuracy: 0.908 ; loss: 0.000
2020-03-11 22:49:53,295:INFO: - Found new best accuracy
2020-03-11 22:49:53,296:INFO: Epoch 56/100
2020-03-11 22:50:15,527:INFO: - Train metrics: accuracy: 0.994 ; loss: 0.288
2020-03-11 22:50:17,067:INFO: - Eval metrics : accuracy: 0.911 ; loss: 0.000
2020-03-11 22:50:18,616:INFO: - Found new best accuracy
2020-03-11 22:50:18,617:INFO: Epoch 57/100
2020-03-11 22:50:40,791:INFO: - Train metrics: accuracy: 0.998 ; loss: 0.278
2020-03-11 22:50:42,345:INFO: - Eval metrics : accuracy: 0.911 ; loss: 0.000
2020-03-11 22:50:43,887:INFO: - Found new best accuracy
2020-03-11 22:50:43,888:INFO: Epoch 58/100
2020-03-11 22:51:06,079:INFO: - Train metrics: accuracy: 0.996 ; loss: 0.285
2020-03-11 22:51:07,618:INFO: - Eval metrics : accuracy: 0.911 ; loss: 0.000
2020-03-11 22:51:09,156:INFO: - Found new best accuracy
2020-03-11 22:51:09,157:INFO: Epoch 59/100
2020-03-11 22:51:31,364:INFO: - Train metrics: accuracy: 0.998 ; loss: 0.280
2020-03-11 22:51:32,916:INFO: - Eval metrics : accuracy: 0.909 ; loss: 0.000
2020-03-11 22:51:33,544:INFO: Epoch 60/100
2020-03-11 22:51:55,743:INFO: - Train metrics: accuracy: 1.000 ; loss: 0.276
2020-03-11 22:51:57,292:INFO: - Eval metrics : accuracy: 0.909 ; loss: 0.000
2020-03-11 22:51:57,766:INFO: Epoch 61/100
2020-03-11 22:52:20,027:INFO: - Train metrics: accuracy: 0.996 ; loss: 0.281
2020-03-11 22:52:21,568:INFO: - Eval metrics : accuracy: 0.908 ; loss: 0.000
2020-03-11 22:52:22,496:INFO: Epoch 62/100
2020-03-11 22:52:44,635:INFO: - Train metrics: accuracy: 0.998 ; loss: 0.277
2020-03-11 22:52:46,187:INFO: - Eval metrics : accuracy: 0.910 ; loss: 0.000
2020-03-11 22:52:46,669:INFO: Epoch 63/100
2020-03-11 22:53:08,927:INFO: - Train metrics: accuracy: 0.998 ; loss: 0.282
2020-03-11 22:53:10,480:INFO: - Eval metrics : accuracy: 0.910 ; loss: 0.000
2020-03-11 22:53:11,203:INFO: Epoch 64/100
2020-03-11 22:53:33,421:INFO: - Train metrics: accuracy: 1.000 ; loss: 0.274
2020-03-11 22:53:34,957:INFO: - Eval metrics : accuracy: 0.911 ; loss: 0.000
2020-03-11 22:53:35,436:INFO: Epoch 65/100
2020-03-11 22:53:57,706:INFO: - Train metrics: accuracy: 0.998 ; loss: 0.283
2020-03-11 22:53:59,244:INFO: - Eval metrics : accuracy: 0.909 ; loss: 0.000
2020-03-11 22:53:59,844:INFO: Epoch 66/100
2020-03-11 22:54:22,087:INFO: - Train metrics: accuracy: 1.000 ; loss: 0.272
2020-03-11 22:54:23,631:INFO: - Eval metrics : accuracy: 0.907 ; loss: 0.000
2020-03-11 22:54:24,124:INFO: Epoch 67/100
2020-03-11 22:54:46,321:INFO: - Train metrics: accuracy: 0.994 ; loss: 0.295
2020-03-11 22:54:47,868:INFO: - Eval metrics : accuracy: 0.910 ; loss: 0.000
2020-03-11 22:54:48,627:INFO: Epoch 68/100
2020-03-11 22:55:10,810:INFO: - Train metrics: accuracy: 0.998 ; loss: 0.281
2020-03-11 22:55:12,357:INFO: - Eval metrics : accuracy: 0.911 ; loss: 0.000
2020-03-11 22:55:12,838:INFO: Epoch 69/100
2020-03-11 22:55:35,049:INFO: - Train metrics: accuracy: 1.000 ; loss: 0.271
2020-03-11 22:55:36,593:INFO: - Eval metrics : accuracy: 0.910 ; loss: 0.000
2020-03-11 22:55:37,081:INFO: Epoch 70/100
2020-03-11 22:55:59,323:INFO: - Train metrics: accuracy: 0.996 ; loss: 0.281
2020-03-11 22:56:00,855:INFO: - Eval metrics : accuracy: 0.910 ; loss: 0.000
2020-03-11 22:56:01,478:INFO: Epoch 71/100
2020-03-11 22:56:23,752:INFO: - Train metrics: accuracy: 0.994 ; loss: 0.289
2020-03-11 22:56:25,297:INFO: - Eval metrics : accuracy: 0.910 ; loss: 0.000
2020-03-11 22:56:25,772:INFO: Epoch 72/100
2020-03-11 22:56:47,996:INFO: - Train metrics: accuracy: 0.996 ; loss: 0.282
2020-03-11 22:56:49,546:INFO: - Eval metrics : accuracy: 0.911 ; loss: 0.000
2020-03-11 22:56:51,131:INFO: - Found new best accuracy
2020-03-11 22:56:51,131:INFO: Epoch 73/100
2020-03-11 22:57:13,402:INFO: - Train metrics: accuracy: 0.996 ; loss: 0.284
2020-03-11 22:57:14,944:INFO: - Eval metrics : accuracy: 0.909 ; loss: 0.000
2020-03-11 22:57:15,694:INFO: Epoch 74/100
2020-03-11 22:57:38,037:INFO: - Train metrics: accuracy: 0.998 ; loss: 0.268
2020-03-11 22:57:39,619:INFO: - Eval metrics : accuracy: 0.910 ; loss: 0.000
2020-03-11 22:57:40,230:INFO: Epoch 75/100
2020-03-11 22:58:02,599:INFO: - Train metrics: accuracy: 0.996 ; loss: 0.275
2020-03-11 22:58:04,146:INFO: - Eval metrics : accuracy: 0.910 ; loss: 0.000
2020-03-11 22:58:04,776:INFO: Epoch 76/100
2020-03-11 22:58:27,106:INFO: - Train metrics: accuracy: 0.996 ; loss: 0.282
2020-03-11 22:58:28,650:INFO: - Eval metrics : accuracy: 0.911 ; loss: 0.000
2020-03-11 22:58:30,193:INFO: - Found new best accuracy
2020-03-11 22:58:30,193:INFO: Epoch 77/100
2020-03-11 22:58:52,516:INFO: - Train metrics: accuracy: 0.998 ; loss: 0.277
2020-03-11 22:58:54,066:INFO: - Eval metrics : accuracy: 0.910 ; loss: 0.000
2020-03-11 22:58:54,675:INFO: Epoch 78/100
2020-03-11 22:59:16,947:INFO: - Train metrics: accuracy: 1.000 ; loss: 0.282
2020-03-11 22:59:18,521:INFO: - Eval metrics : accuracy: 0.910 ; loss: 0.000
2020-03-11 22:59:19,005:INFO: Epoch 79/100
2020-03-11 22:59:41,274:INFO: - Train metrics: accuracy: 0.996 ; loss: 0.282
2020-03-11 22:59:42,827:INFO: - Eval metrics : accuracy: 0.911 ; loss: 0.000
2020-03-11 22:59:44,372:INFO: - Found new best accuracy
2020-03-11 22:59:44,373:INFO: Epoch 80/100
2020-03-11 23:00:06,674:INFO: - Train metrics: accuracy: 1.000 ; loss: 0.277
2020-03-11 23:00:08,227:INFO: - Eval metrics : accuracy: 0.911 ; loss: 0.000
2020-03-11 23:00:09,770:INFO: - Found new best accuracy
2020-03-11 23:00:09,771:INFO: Epoch 81/100
2020-03-11 23:00:32,034:INFO: - Train metrics: accuracy: 0.994 ; loss: 0.282
2020-03-11 23:00:33,567:INFO: - Eval metrics : accuracy: 0.910 ; loss: 0.000
2020-03-11 23:00:34,163:INFO: Epoch 82/100
2020-03-11 23:00:56,484:INFO: - Train metrics: accuracy: 0.998 ; loss: 0.278
2020-03-11 23:00:58,027:INFO: - Eval metrics : accuracy: 0.911 ; loss: 0.000
2020-03-11 23:00:58,516:INFO: Epoch 83/100
2020-03-11 23:01:20,795:INFO: - Train metrics: accuracy: 0.998 ; loss: 0.278
2020-03-11 23:01:22,387:INFO: - Eval metrics : accuracy: 0.911 ; loss: 0.000
2020-03-11 23:01:23,974:INFO: - Found new best accuracy
2020-03-11 23:01:23,975:INFO: Epoch 84/100
2020-03-11 23:01:46,379:INFO: - Train metrics: accuracy: 0.994 ; loss: 0.283
2020-03-11 23:01:47,944:INFO: - Eval metrics : accuracy: 0.911 ; loss: 0.000
2020-03-11 23:01:48,969:INFO: Epoch 85/100
2020-03-11 23:02:11,420:INFO: - Train metrics: accuracy: 1.000 ; loss: 0.280
2020-03-11 23:02:12,976:INFO: - Eval metrics : accuracy: 0.912 ; loss: 0.000
2020-03-11 23:02:14,513:INFO: - Found new best accuracy
2020-03-11 23:02:14,513:INFO: Epoch 86/100
2020-03-11 23:02:36,864:INFO: - Train metrics: accuracy: 1.000 ; loss: 0.278
2020-03-11 23:02:38,435:INFO: - Eval metrics : accuracy: 0.910 ; loss: 0.000
2020-03-11 23:02:38,934:INFO: Epoch 87/100
2020-03-11 23:03:01,287:INFO: - Train metrics: accuracy: 1.000 ; loss: 0.277
2020-03-11 23:03:02,853:INFO: - Eval metrics : accuracy: 0.909 ; loss: 0.000
2020-03-11 23:03:03,346:INFO: Epoch 88/100
2020-03-11 23:03:25,710:INFO: - Train metrics: accuracy: 1.000 ; loss: 0.272
2020-03-11 23:03:27,274:INFO: - Eval metrics : accuracy: 0.911 ; loss: 0.000
2020-03-11 23:03:27,902:INFO: Epoch 89/100
2020-03-11 23:03:50,299:INFO: - Train metrics: accuracy: 1.000 ; loss: 0.280
2020-03-11 23:03:51,878:INFO: - Eval metrics : accuracy: 0.909 ; loss: 0.000
2020-03-11 23:03:52,361:INFO: Epoch 90/100
2020-03-11 23:04:14,741:INFO: - Train metrics: accuracy: 0.994 ; loss: 0.285
2020-03-11 23:04:16,295:INFO: - Eval metrics : accuracy: 0.910 ; loss: 0.000
2020-03-11 23:04:16,774:INFO: Epoch 91/100
2020-03-11 23:04:39,006:INFO: - Train metrics: accuracy: 0.998 ; loss: 0.275
2020-03-11 23:04:40,553:INFO: - Eval metrics : accuracy: 0.911 ; loss: 0.000
2020-03-11 23:04:41,140:INFO: Epoch 92/100
2020-03-11 23:05:03,425:INFO: - Train metrics: accuracy: 0.998 ; loss: 0.275
2020-03-11 23:05:04,961:INFO: - Eval metrics : accuracy: 0.910 ; loss: 0.000
2020-03-11 23:05:05,447:INFO: Epoch 93/100
2020-03-11 23:05:27,749:INFO: - Train metrics: accuracy: 1.000 ; loss: 0.276
2020-03-11 23:05:29,313:INFO: - Eval metrics : accuracy: 0.911 ; loss: 0.000
2020-03-11 23:05:29,956:INFO: Epoch 94/100
2020-03-11 23:05:52,326:INFO: - Train metrics: accuracy: 0.998 ; loss: 0.276
2020-03-11 23:05:53,867:INFO: - Eval metrics : accuracy: 0.910 ; loss: 0.000
2020-03-11 23:05:54,343:INFO: Epoch 95/100
2020-03-11 23:06:16,602:INFO: - Train metrics: accuracy: 1.000 ; loss: 0.279
2020-03-11 23:06:18,163:INFO: - Eval metrics : accuracy: 0.911 ; loss: 0.000
2020-03-11 23:06:18,643:INFO: Epoch 96/100
2020-03-11 23:06:40,991:INFO: - Train metrics: accuracy: 0.998 ; loss: 0.282
2020-03-11 23:06:42,555:INFO: - Eval metrics : accuracy: 0.909 ; loss: 0.000
2020-03-11 23:06:43,036:INFO: Epoch 97/100
2020-03-11 23:07:05,336:INFO: - Train metrics: accuracy: 1.000 ; loss: 0.270
2020-03-11 23:07:06,880:INFO: - Eval metrics : accuracy: 0.910 ; loss: 0.000
2020-03-11 23:07:07,575:INFO: Epoch 98/100
2020-03-11 23:07:29,925:INFO: - Train metrics: accuracy: 1.000 ; loss: 0.280
2020-03-11 23:07:31,489:INFO: - Eval metrics : accuracy: 0.910 ; loss: 0.000
2020-03-11 23:07:31,982:INFO: Epoch 99/100
2020-03-11 23:07:54,279:INFO: - Train metrics: accuracy: 1.000 ; loss: 0.278
2020-03-11 23:07:55,831:INFO: - Eval metrics : accuracy: 0.911 ; loss: 0.000
2020-03-11 23:07:56,320:INFO: Epoch 100/100
2020-03-11 23:08:18,614:INFO: - Train metrics: accuracy: 1.000 ; loss: 0.267
2020-03-11 23:08:20,169:INFO: - Eval metrics : accuracy: 0.911 ; loss: 0.000
