2020-03-09 15:36:40,264:INFO: Loading the datasets...
2020-03-09 15:36:43,748:INFO: - done.
2020-03-09 15:36:47,315:INFO: Experiment - model version: res34-18_distill
2020-03-09 15:36:47,315:INFO: Starting training for 30 epoch(s)
2020-03-09 15:36:47,315:INFO: First, loading the teacher model and computing its outputs...
2020-03-09 15:36:54,013:INFO: - Finished computing teacher outputs after 7 secs..
2020-03-09 15:36:54,015:INFO: Epoch 1/30
2020-03-09 15:37:07,468:INFO: - Train metrics: accuracy: 0.191 ; loss: 0.994
2020-03-09 15:37:08,470:INFO: - Eval metrics : accuracy: 0.301 ; loss: 0.000
2020-03-09 15:37:08,651:INFO: - Found new best accuracy
2020-03-09 15:37:08,651:INFO: Epoch 2/30
2020-03-09 15:37:22,088:INFO: - Train metrics: accuracy: 0.336 ; loss: 0.973
2020-03-09 15:37:23,075:INFO: - Eval metrics : accuracy: 0.371 ; loss: 0.000
2020-03-09 15:37:23,699:INFO: - Found new best accuracy
2020-03-09 15:37:23,699:INFO: Epoch 3/30
2020-03-09 15:37:37,136:INFO: - Train metrics: accuracy: 0.367 ; loss: 0.967
2020-03-09 15:37:38,156:INFO: - Eval metrics : accuracy: 0.407 ; loss: 0.000
2020-03-09 15:37:38,649:INFO: - Found new best accuracy
2020-03-09 15:37:38,650:INFO: Epoch 4/30
2020-03-09 15:37:52,091:INFO: - Train metrics: accuracy: 0.418 ; loss: 0.967
2020-03-09 15:37:53,143:INFO: - Eval metrics : accuracy: 0.440 ; loss: 0.000
2020-03-09 15:37:53,889:INFO: - Found new best accuracy
2020-03-09 15:37:53,890:INFO: Epoch 5/30
2020-03-09 15:38:07,394:INFO: - Train metrics: accuracy: 0.443 ; loss: 0.962
2020-03-09 15:38:08,392:INFO: - Eval metrics : accuracy: 0.473 ; loss: 0.000
2020-03-09 15:38:09,140:INFO: - Found new best accuracy
2020-03-09 15:38:09,141:INFO: Epoch 6/30
2020-03-09 15:38:22,582:INFO: - Train metrics: accuracy: 0.482 ; loss: 0.943
2020-03-09 15:38:23,642:INFO: - Eval metrics : accuracy: 0.490 ; loss: 0.000
2020-03-09 15:38:24,127:INFO: - Found new best accuracy
2020-03-09 15:38:24,128:INFO: Epoch 7/30
2020-03-09 15:38:37,624:INFO: - Train metrics: accuracy: 0.486 ; loss: 0.955
2020-03-09 15:38:38,632:INFO: - Eval metrics : accuracy: 0.508 ; loss: 0.000
2020-03-09 15:38:39,411:INFO: - Found new best accuracy
2020-03-09 15:38:39,412:INFO: Epoch 8/30
2020-03-09 15:38:52,905:INFO: - Train metrics: accuracy: 0.502 ; loss: 0.941
2020-03-09 15:38:53,934:INFO: - Eval metrics : accuracy: 0.525 ; loss: 0.000
2020-03-09 15:38:54,434:INFO: - Found new best accuracy
2020-03-09 15:38:54,434:INFO: Epoch 9/30
2020-03-09 15:39:07,919:INFO: - Train metrics: accuracy: 0.508 ; loss: 0.945
2020-03-09 15:39:08,962:INFO: - Eval metrics : accuracy: 0.522 ; loss: 0.000
2020-03-09 15:39:09,364:INFO: Epoch 10/30
2020-03-09 15:39:22,808:INFO: - Train metrics: accuracy: 0.527 ; loss: 0.937
2020-03-09 15:39:23,801:INFO: - Eval metrics : accuracy: 0.545 ; loss: 0.000
2020-03-09 15:39:24,307:INFO: - Found new best accuracy
2020-03-09 15:39:24,308:INFO: Epoch 11/30
2020-03-09 15:39:37,789:INFO: - Train metrics: accuracy: 0.537 ; loss: 0.945
2020-03-09 15:39:38,798:INFO: - Eval metrics : accuracy: 0.563 ; loss: 0.000
2020-03-09 15:39:39,286:INFO: - Found new best accuracy
2020-03-09 15:39:39,286:INFO: Epoch 12/30
2020-03-09 15:39:52,761:INFO: - Train metrics: accuracy: 0.578 ; loss: 0.934
2020-03-09 15:39:53,778:INFO: - Eval metrics : accuracy: 0.578 ; loss: 0.000
2020-03-09 15:39:54,917:INFO: - Found new best accuracy
2020-03-09 15:39:54,918:INFO: Epoch 13/30
2020-03-09 15:40:08,428:INFO: - Train metrics: accuracy: 0.549 ; loss: 0.932
2020-03-09 15:40:09,451:INFO: - Eval metrics : accuracy: 0.577 ; loss: 0.000
2020-03-09 15:40:09,699:INFO: Epoch 14/30
2020-03-09 15:40:23,245:INFO: - Train metrics: accuracy: 0.607 ; loss: 0.933
2020-03-09 15:40:24,273:INFO: - Eval metrics : accuracy: 0.580 ; loss: 0.000
2020-03-09 15:40:24,928:INFO: - Found new best accuracy
2020-03-09 15:40:24,929:INFO: Epoch 15/30
2020-03-09 15:40:38,442:INFO: - Train metrics: accuracy: 0.629 ; loss: 0.924
2020-03-09 15:40:39,458:INFO: - Eval metrics : accuracy: 0.600 ; loss: 0.000
2020-03-09 15:40:39,956:INFO: - Found new best accuracy
2020-03-09 15:40:39,956:INFO: Epoch 16/30
2020-03-09 15:40:53,512:INFO: - Train metrics: accuracy: 0.609 ; loss: 0.923
2020-03-09 15:40:54,490:INFO: - Eval metrics : accuracy: 0.611 ; loss: 0.000
2020-03-09 15:40:55,103:INFO: - Found new best accuracy
2020-03-09 15:40:55,104:INFO: Epoch 17/30
2020-03-09 15:41:08,609:INFO: - Train metrics: accuracy: 0.627 ; loss: 0.925
2020-03-09 15:41:09,585:INFO: - Eval metrics : accuracy: 0.602 ; loss: 0.000
2020-03-09 15:41:09,835:INFO: Epoch 18/30
2020-03-09 15:41:23,428:INFO: - Train metrics: accuracy: 0.580 ; loss: 0.925
2020-03-09 15:41:24,415:INFO: - Eval metrics : accuracy: 0.621 ; loss: 0.000
2020-03-09 15:41:24,914:INFO: - Found new best accuracy
2020-03-09 15:41:24,915:INFO: Epoch 19/30
2020-03-09 15:41:38,495:INFO: - Train metrics: accuracy: 0.635 ; loss: 0.922
2020-03-09 15:41:39,524:INFO: - Eval metrics : accuracy: 0.635 ; loss: 0.000
2020-03-09 15:41:40,030:INFO: - Found new best accuracy
2020-03-09 15:41:40,031:INFO: Epoch 20/30
2020-03-09 15:41:53,624:INFO: - Train metrics: accuracy: 0.648 ; loss: 0.912
2020-03-09 15:41:54,670:INFO: - Eval metrics : accuracy: 0.637 ; loss: 0.000
2020-03-09 15:41:55,421:INFO: - Found new best accuracy
2020-03-09 15:41:55,422:INFO: Epoch 21/30
2020-03-09 15:42:08,972:INFO: - Train metrics: accuracy: 0.633 ; loss: 0.927
2020-03-09 15:42:09,968:INFO: - Eval metrics : accuracy: 0.644 ; loss: 0.000
2020-03-09 15:42:11,107:INFO: - Found new best accuracy
2020-03-09 15:42:11,107:INFO: Epoch 22/30
2020-03-09 15:42:24,689:INFO: - Train metrics: accuracy: 0.635 ; loss: 0.915
2020-03-09 15:42:25,732:INFO: - Eval metrics : accuracy: 0.639 ; loss: 0.000
2020-03-09 15:42:25,979:INFO: Epoch 23/30
2020-03-09 15:42:39,463:INFO: - Train metrics: accuracy: 0.646 ; loss: 0.928
2020-03-09 15:42:40,458:INFO: - Eval metrics : accuracy: 0.662 ; loss: 0.000
2020-03-09 15:42:41,058:INFO: - Found new best accuracy
2020-03-09 15:42:41,059:INFO: Epoch 24/30
2020-03-09 15:42:54,541:INFO: - Train metrics: accuracy: 0.658 ; loss: 0.916
2020-03-09 15:42:55,537:INFO: - Eval metrics : accuracy: 0.664 ; loss: 0.000
2020-03-09 15:42:56,157:INFO: - Found new best accuracy
2020-03-09 15:42:56,158:INFO: Epoch 25/30
2020-03-09 15:43:09,693:INFO: - Train metrics: accuracy: 0.652 ; loss: 0.922
2020-03-09 15:43:10,701:INFO: - Eval metrics : accuracy: 0.672 ; loss: 0.000
2020-03-09 15:43:11,195:INFO: - Found new best accuracy
2020-03-09 15:43:11,196:INFO: Epoch 26/30
2020-03-09 15:43:24,701:INFO: - Train metrics: accuracy: 0.660 ; loss: 0.917
2020-03-09 15:43:25,736:INFO: - Eval metrics : accuracy: 0.668 ; loss: 0.000
2020-03-09 15:43:25,981:INFO: Epoch 27/30
2020-03-09 15:43:39,499:INFO: - Train metrics: accuracy: 0.695 ; loss: 0.910
2020-03-09 15:43:40,511:INFO: - Eval metrics : accuracy: 0.666 ; loss: 0.000
2020-03-09 15:43:40,886:INFO: Epoch 28/30
2020-03-09 15:43:54,361:INFO: - Train metrics: accuracy: 0.693 ; loss: 0.910
2020-03-09 15:43:55,403:INFO: - Eval metrics : accuracy: 0.680 ; loss: 0.000
2020-03-09 15:43:56,057:INFO: - Found new best accuracy
2020-03-09 15:43:56,057:INFO: Epoch 29/30
2020-03-09 15:44:09,642:INFO: - Train metrics: accuracy: 0.688 ; loss: 0.909
2020-03-09 15:44:10,661:INFO: - Eval metrics : accuracy: 0.681 ; loss: 0.000
2020-03-09 15:44:11,153:INFO: - Found new best accuracy
2020-03-09 15:44:11,154:INFO: Epoch 30/30
2020-03-09 15:44:24,651:INFO: - Train metrics: accuracy: 0.672 ; loss: 0.907
2020-03-09 15:44:25,691:INFO: - Eval metrics : accuracy: 0.689 ; loss: 0.000
2020-03-09 15:44:26,511:INFO: - Found new best accuracy
