2020-03-09 15:57:32,723:INFO: Loading the datasets...
2020-03-09 15:57:36,180:INFO: - done.
2020-03-09 15:57:39,535:INFO: Starting training for 100 epoch(s)
2020-03-09 15:57:39,536:INFO: Epoch 1/100
2020-03-09 15:58:27,345:INFO: - Train metrics: accuracy: 0.182 ; loss: 2.227
2020-03-09 15:58:30,471:INFO: - Eval metrics : accuracy: 0.257 ; loss: 1.951
2020-03-09 15:58:30,854:INFO: - Found new best accuracy
2020-03-09 15:58:30,854:INFO: Epoch 2/100
2020-03-09 15:59:18,880:INFO: - Train metrics: accuracy: 0.287 ; loss: 1.919
2020-03-09 15:59:22,006:INFO: - Eval metrics : accuracy: 0.351 ; loss: 1.684
2020-03-09 15:59:23,823:INFO: - Found new best accuracy
2020-03-09 15:59:23,824:INFO: Epoch 3/100
2020-03-09 16:00:11,891:INFO: - Train metrics: accuracy: 0.412 ; loss: 1.648
2020-03-09 16:00:14,999:INFO: - Eval metrics : accuracy: 0.426 ; loss: 1.560
2020-03-09 16:00:17,523:INFO: - Found new best accuracy
2020-03-09 16:00:17,524:INFO: Epoch 4/100
2020-03-09 16:01:05,744:INFO: - Train metrics: accuracy: 0.445 ; loss: 1.483
2020-03-09 16:01:08,846:INFO: - Eval metrics : accuracy: 0.492 ; loss: 1.354
2020-03-09 16:01:10,727:INFO: - Found new best accuracy
2020-03-09 16:01:10,728:INFO: Epoch 5/100
2020-03-09 16:01:58,929:INFO: - Train metrics: accuracy: 0.555 ; loss: 1.267
2020-03-09 16:02:02,057:INFO: - Eval metrics : accuracy: 0.454 ; loss: 1.554
2020-03-09 16:02:02,999:INFO: Epoch 6/100
2020-03-09 16:02:51,283:INFO: - Train metrics: accuracy: 0.594 ; loss: 1.104
2020-03-09 16:02:54,408:INFO: - Eval metrics : accuracy: 0.595 ; loss: 1.159
2020-03-09 16:02:56,462:INFO: - Found new best accuracy
2020-03-09 16:02:56,462:INFO: Epoch 7/100
2020-03-09 16:03:44,654:INFO: - Train metrics: accuracy: 0.641 ; loss: 0.976
2020-03-09 16:03:47,781:INFO: - Eval metrics : accuracy: 0.628 ; loss: 1.070
2020-03-09 16:03:50,409:INFO: - Found new best accuracy
2020-03-09 16:03:50,409:INFO: Epoch 8/100
2020-03-09 16:04:38,665:INFO: - Train metrics: accuracy: 0.711 ; loss: 0.857
2020-03-09 16:04:41,772:INFO: - Eval metrics : accuracy: 0.685 ; loss: 0.911
2020-03-09 16:04:43,600:INFO: - Found new best accuracy
2020-03-09 16:04:43,600:INFO: Epoch 9/100
2020-03-09 16:05:31,793:INFO: - Train metrics: accuracy: 0.713 ; loss: 0.812
2020-03-09 16:05:34,891:INFO: - Eval metrics : accuracy: 0.715 ; loss: 0.793
2020-03-09 16:05:36,888:INFO: - Found new best accuracy
2020-03-09 16:05:36,889:INFO: Epoch 10/100
2020-03-09 16:06:25,043:INFO: - Train metrics: accuracy: 0.752 ; loss: 0.703
2020-03-09 16:06:28,161:INFO: - Eval metrics : accuracy: 0.749 ; loss: 0.718
2020-03-09 16:06:29,983:INFO: - Found new best accuracy
2020-03-09 16:06:29,984:INFO: Epoch 11/100
2020-03-09 16:07:18,196:INFO: - Train metrics: accuracy: 0.781 ; loss: 0.680
2020-03-09 16:07:21,314:INFO: - Eval metrics : accuracy: 0.743 ; loss: 0.758
2020-03-09 16:07:22,014:INFO: Epoch 12/100
2020-03-09 16:08:10,188:INFO: - Train metrics: accuracy: 0.777 ; loss: 0.638
2020-03-09 16:08:13,281:INFO: - Eval metrics : accuracy: 0.661 ; loss: 1.134
2020-03-09 16:08:14,475:INFO: Epoch 13/100
2020-03-09 16:09:02,688:INFO: - Train metrics: accuracy: 0.750 ; loss: 0.700
2020-03-09 16:09:05,801:INFO: - Eval metrics : accuracy: 0.770 ; loss: 0.689
2020-03-09 16:09:07,619:INFO: - Found new best accuracy
2020-03-09 16:09:07,620:INFO: Epoch 14/100
2020-03-09 16:09:55,826:INFO: - Train metrics: accuracy: 0.799 ; loss: 0.568
2020-03-09 16:09:58,932:INFO: - Eval metrics : accuracy: 0.738 ; loss: 0.780
2020-03-09 16:09:59,985:INFO: Epoch 15/100
2020-03-09 16:10:48,240:INFO: - Train metrics: accuracy: 0.783 ; loss: 0.647
2020-03-09 16:10:51,357:INFO: - Eval metrics : accuracy: 0.751 ; loss: 0.756
2020-03-09 16:10:52,172:INFO: Epoch 16/100
2020-03-09 16:11:40,436:INFO: - Train metrics: accuracy: 0.805 ; loss: 0.625
2020-03-09 16:11:43,566:INFO: - Eval metrics : accuracy: 0.778 ; loss: 0.675
2020-03-09 16:11:45,384:INFO: - Found new best accuracy
2020-03-09 16:11:45,385:INFO: Epoch 17/100
2020-03-09 16:12:33,634:INFO: - Train metrics: accuracy: 0.822 ; loss: 0.501
2020-03-09 16:12:36,778:INFO: - Eval metrics : accuracy: 0.738 ; loss: 0.809
2020-03-09 16:12:37,470:INFO: Epoch 18/100
2020-03-09 16:13:25,656:INFO: - Train metrics: accuracy: 0.805 ; loss: 0.572
2020-03-09 16:13:28,774:INFO: - Eval metrics : accuracy: 0.774 ; loss: 0.681
2020-03-09 16:13:29,808:INFO: Epoch 19/100
2020-03-09 16:14:17,998:INFO: - Train metrics: accuracy: 0.832 ; loss: 0.507
2020-03-09 16:14:21,111:INFO: - Eval metrics : accuracy: 0.738 ; loss: 0.790
2020-03-09 16:14:21,660:INFO: Epoch 20/100
2020-03-09 16:15:09,782:INFO: - Train metrics: accuracy: 0.830 ; loss: 0.547
2020-03-09 16:15:12,896:INFO: - Eval metrics : accuracy: 0.759 ; loss: 0.748
2020-03-09 16:15:13,453:INFO: Epoch 21/100
2020-03-09 16:16:01,567:INFO: - Train metrics: accuracy: 0.844 ; loss: 0.480
2020-03-09 16:16:04,688:INFO: - Eval metrics : accuracy: 0.792 ; loss: 0.623
2020-03-09 16:16:06,514:INFO: - Found new best accuracy
2020-03-09 16:16:06,515:INFO: Epoch 22/100
2020-03-09 16:16:54,559:INFO: - Train metrics: accuracy: 0.867 ; loss: 0.416
2020-03-09 16:16:57,658:INFO: - Eval metrics : accuracy: 0.725 ; loss: 0.862
2020-03-09 16:16:58,433:INFO: Epoch 23/100
2020-03-09 16:17:46,514:INFO: - Train metrics: accuracy: 0.854 ; loss: 0.470
2020-03-09 16:17:49,626:INFO: - Eval metrics : accuracy: 0.776 ; loss: 0.691
2020-03-09 16:17:50,172:INFO: Epoch 24/100
2020-03-09 16:18:38,281:INFO: - Train metrics: accuracy: 0.824 ; loss: 0.506
2020-03-09 16:18:41,389:INFO: - Eval metrics : accuracy: 0.759 ; loss: 0.740
2020-03-09 16:18:42,161:INFO: Epoch 25/100
2020-03-09 16:19:30,231:INFO: - Train metrics: accuracy: 0.867 ; loss: 0.423
2020-03-09 16:19:33,343:INFO: - Eval metrics : accuracy: 0.802 ; loss: 0.602
2020-03-09 16:19:35,515:INFO: - Found new best accuracy
2020-03-09 16:19:35,516:INFO: Epoch 26/100
2020-03-09 16:20:23,594:INFO: - Train metrics: accuracy: 0.844 ; loss: 0.477
2020-03-09 16:20:26,717:INFO: - Eval metrics : accuracy: 0.707 ; loss: 1.056
2020-03-09 16:20:27,376:INFO: Epoch 27/100
2020-03-09 16:21:15,493:INFO: - Train metrics: accuracy: 0.846 ; loss: 0.464
2020-03-09 16:21:18,637:INFO: - Eval metrics : accuracy: 0.798 ; loss: 0.607
2020-03-09 16:21:19,461:INFO: Epoch 28/100
2020-03-09 16:22:07,693:INFO: - Train metrics: accuracy: 0.840 ; loss: 0.486
2020-03-09 16:22:10,808:INFO: - Eval metrics : accuracy: 0.801 ; loss: 0.614
2020-03-09 16:22:11,745:INFO: Epoch 29/100
2020-03-09 16:22:59,921:INFO: - Train metrics: accuracy: 0.854 ; loss: 0.432
2020-03-09 16:23:03,046:INFO: - Eval metrics : accuracy: 0.800 ; loss: 0.621
2020-03-09 16:23:03,851:INFO: Epoch 30/100
2020-03-09 16:23:51,990:INFO: - Train metrics: accuracy: 0.852 ; loss: 0.459
2020-03-09 16:23:55,103:INFO: - Eval metrics : accuracy: 0.756 ; loss: 0.774
2020-03-09 16:23:56,470:INFO: Epoch 31/100
2020-03-09 16:24:44,554:INFO: - Train metrics: accuracy: 0.873 ; loss: 0.367
2020-03-09 16:24:47,654:INFO: - Eval metrics : accuracy: 0.784 ; loss: 0.675
2020-03-09 16:24:48,575:INFO: Epoch 32/100
2020-03-09 16:25:36,720:INFO: - Train metrics: accuracy: 0.875 ; loss: 0.381
2020-03-09 16:25:39,830:INFO: - Eval metrics : accuracy: 0.771 ; loss: 0.723
2020-03-09 16:25:40,876:INFO: Epoch 33/100
2020-03-09 16:26:28,955:INFO: - Train metrics: accuracy: 0.865 ; loss: 0.393
2020-03-09 16:26:32,077:INFO: - Eval metrics : accuracy: 0.792 ; loss: 0.638
2020-03-09 16:26:33,014:INFO: Epoch 34/100
2020-03-09 16:27:21,058:INFO: - Train metrics: accuracy: 0.869 ; loss: 0.418
2020-03-09 16:27:24,166:INFO: - Eval metrics : accuracy: 0.801 ; loss: 0.588
2020-03-09 16:27:24,943:INFO: Epoch 35/100
2020-03-09 16:28:12,969:INFO: - Train metrics: accuracy: 0.846 ; loss: 0.475
2020-03-09 16:28:16,089:INFO: - Eval metrics : accuracy: 0.822 ; loss: 0.527
2020-03-09 16:28:18,670:INFO: - Found new best accuracy
2020-03-09 16:28:18,670:INFO: Epoch 36/100
2020-03-09 16:29:06,746:INFO: - Train metrics: accuracy: 0.854 ; loss: 0.453
2020-03-09 16:29:09,852:INFO: - Eval metrics : accuracy: 0.727 ; loss: 0.957
2020-03-09 16:29:10,646:INFO: Epoch 37/100
2020-03-09 16:29:58,676:INFO: - Train metrics: accuracy: 0.885 ; loss: 0.372
2020-03-09 16:30:01,786:INFO: - Eval metrics : accuracy: 0.811 ; loss: 0.582
2020-03-09 16:30:03,106:INFO: Epoch 38/100
2020-03-09 16:30:51,135:INFO: - Train metrics: accuracy: 0.859 ; loss: 0.407
2020-03-09 16:30:54,256:INFO: - Eval metrics : accuracy: 0.793 ; loss: 0.632
2020-03-09 16:30:55,357:INFO: Epoch 39/100
2020-03-09 16:31:43,401:INFO: - Train metrics: accuracy: 0.855 ; loss: 0.411
2020-03-09 16:31:46,509:INFO: - Eval metrics : accuracy: 0.813 ; loss: 0.570
2020-03-09 16:31:47,324:INFO: Epoch 40/100
2020-03-09 16:32:35,362:INFO: - Train metrics: accuracy: 0.857 ; loss: 0.382
2020-03-09 16:32:38,477:INFO: - Eval metrics : accuracy: 0.803 ; loss: 0.604
2020-03-09 16:32:39,159:INFO: Epoch 41/100
2020-03-09 16:33:27,187:INFO: - Train metrics: accuracy: 0.859 ; loss: 0.425
2020-03-09 16:33:30,303:INFO: - Eval metrics : accuracy: 0.813 ; loss: 0.567
2020-03-09 16:33:31,276:INFO: Epoch 42/100
2020-03-09 16:34:19,277:INFO: - Train metrics: accuracy: 0.867 ; loss: 0.399
2020-03-09 16:34:22,372:INFO: - Eval metrics : accuracy: 0.779 ; loss: 0.680
2020-03-09 16:34:23,023:INFO: Epoch 43/100
2020-03-09 16:35:11,038:INFO: - Train metrics: accuracy: 0.857 ; loss: 0.421
2020-03-09 16:35:14,133:INFO: - Eval metrics : accuracy: 0.804 ; loss: 0.627
2020-03-09 16:35:14,690:INFO: Epoch 44/100
2020-03-09 16:36:02,691:INFO: - Train metrics: accuracy: 0.828 ; loss: 0.482
2020-03-09 16:36:05,803:INFO: - Eval metrics : accuracy: 0.815 ; loss: 0.543
2020-03-09 16:36:06,465:INFO: Epoch 45/100
2020-03-09 16:36:54,448:INFO: - Train metrics: accuracy: 0.900 ; loss: 0.324
2020-03-09 16:36:57,546:INFO: - Eval metrics : accuracy: 0.795 ; loss: 0.624
2020-03-09 16:37:00,560:INFO: Epoch 46/100
2020-03-09 16:37:48,576:INFO: - Train metrics: accuracy: 0.838 ; loss: 0.453
2020-03-09 16:37:51,691:INFO: - Eval metrics : accuracy: 0.819 ; loss: 0.539
2020-03-09 16:37:53,993:INFO: Epoch 47/100
2020-03-09 16:38:42,066:INFO: - Train metrics: accuracy: 0.840 ; loss: 0.443
2020-03-09 16:38:45,177:INFO: - Eval metrics : accuracy: 0.808 ; loss: 0.588
2020-03-09 16:38:45,860:INFO: Epoch 48/100
2020-03-09 16:39:34,021:INFO: - Train metrics: accuracy: 0.854 ; loss: 0.441
2020-03-09 16:39:37,161:INFO: - Eval metrics : accuracy: 0.754 ; loss: 0.797
2020-03-09 16:39:39,034:INFO: Epoch 49/100
2020-03-09 16:40:27,160:INFO: - Train metrics: accuracy: 0.857 ; loss: 0.418
2020-03-09 16:40:30,261:INFO: - Eval metrics : accuracy: 0.807 ; loss: 0.578
2020-03-09 16:40:31,173:INFO: Epoch 50/100
2020-03-09 16:41:19,294:INFO: - Train metrics: accuracy: 0.840 ; loss: 0.455
2020-03-09 16:41:22,414:INFO: - Eval metrics : accuracy: 0.764 ; loss: 0.774
2020-03-09 16:41:23,237:INFO: Epoch 51/100
2020-03-09 16:42:11,379:INFO: - Train metrics: accuracy: 0.871 ; loss: 0.405
2020-03-09 16:42:14,503:INFO: - Eval metrics : accuracy: 0.772 ; loss: 0.743
2020-03-09 16:42:15,188:INFO: Epoch 52/100
2020-03-09 16:43:03,283:INFO: - Train metrics: accuracy: 0.859 ; loss: 0.379
2020-03-09 16:43:06,413:INFO: - Eval metrics : accuracy: 0.839 ; loss: 0.469
2020-03-09 16:43:08,233:INFO: - Found new best accuracy
2020-03-09 16:43:08,234:INFO: Epoch 53/100
2020-03-09 16:43:56,357:INFO: - Train metrics: accuracy: 0.867 ; loss: 0.411
2020-03-09 16:43:59,456:INFO: - Eval metrics : accuracy: 0.804 ; loss: 0.590
2020-03-09 16:44:00,864:INFO: Epoch 54/100
2020-03-09 16:44:48,932:INFO: - Train metrics: accuracy: 0.859 ; loss: 0.441
2020-03-09 16:44:52,065:INFO: - Eval metrics : accuracy: 0.834 ; loss: 0.488
2020-03-09 16:44:53,781:INFO: Epoch 55/100
2020-03-09 16:45:41,846:INFO: - Train metrics: accuracy: 0.885 ; loss: 0.332
2020-03-09 16:45:44,959:INFO: - Eval metrics : accuracy: 0.844 ; loss: 0.471
2020-03-09 16:45:46,836:INFO: - Found new best accuracy
2020-03-09 16:45:46,837:INFO: Epoch 56/100
2020-03-09 16:46:34,897:INFO: - Train metrics: accuracy: 0.854 ; loss: 0.439
2020-03-09 16:46:38,006:INFO: - Eval metrics : accuracy: 0.808 ; loss: 0.580
2020-03-09 16:46:40,531:INFO: Epoch 57/100
2020-03-09 16:47:28,630:INFO: - Train metrics: accuracy: 0.885 ; loss: 0.337
2020-03-09 16:47:31,748:INFO: - Eval metrics : accuracy: 0.839 ; loss: 0.485
2020-03-09 16:47:33,726:INFO: Epoch 58/100
2020-03-09 16:48:21,776:INFO: - Train metrics: accuracy: 0.857 ; loss: 0.431
2020-03-09 16:48:24,889:INFO: - Eval metrics : accuracy: 0.826 ; loss: 0.531
2020-03-09 16:48:27,147:INFO: Epoch 59/100
2020-03-09 16:49:15,183:INFO: - Train metrics: accuracy: 0.852 ; loss: 0.394
2020-03-09 16:49:18,292:INFO: - Eval metrics : accuracy: 0.844 ; loss: 0.473
2020-03-09 16:49:21,449:INFO: - Found new best accuracy
2020-03-09 16:49:21,450:INFO: Epoch 60/100
2020-03-09 16:50:09,546:INFO: - Train metrics: accuracy: 0.887 ; loss: 0.342
2020-03-09 16:50:12,677:INFO: - Eval metrics : accuracy: 0.799 ; loss: 0.618
2020-03-09 16:50:17,487:INFO: Epoch 61/100
2020-03-09 16:51:05,570:INFO: - Train metrics: accuracy: 0.834 ; loss: 0.434
2020-03-09 16:51:08,694:INFO: - Eval metrics : accuracy: 0.816 ; loss: 0.580
2020-03-09 16:51:11,839:INFO: Epoch 62/100
2020-03-09 16:51:59,914:INFO: - Train metrics: accuracy: 0.871 ; loss: 0.354
2020-03-09 16:52:03,042:INFO: - Eval metrics : accuracy: 0.803 ; loss: 0.596
2020-03-09 16:52:04,744:INFO: Epoch 63/100
2020-03-09 16:52:52,817:INFO: - Train metrics: accuracy: 0.883 ; loss: 0.326
2020-03-09 16:52:55,951:INFO: - Eval metrics : accuracy: 0.809 ; loss: 0.588
2020-03-09 16:52:58,223:INFO: Epoch 64/100
2020-03-09 16:53:46,306:INFO: - Train metrics: accuracy: 0.867 ; loss: 0.360
2020-03-09 16:53:49,422:INFO: - Eval metrics : accuracy: 0.814 ; loss: 0.578
2020-03-09 16:53:51,209:INFO: Epoch 65/100
2020-03-09 16:54:39,291:INFO: - Train metrics: accuracy: 0.873 ; loss: 0.354
2020-03-09 16:54:42,390:INFO: - Eval metrics : accuracy: 0.850 ; loss: 0.451
2020-03-09 16:54:45,437:INFO: - Found new best accuracy
2020-03-09 16:54:45,438:INFO: Epoch 66/100
2020-03-09 16:55:33,506:INFO: - Train metrics: accuracy: 0.877 ; loss: 0.382
2020-03-09 16:55:36,606:INFO: - Eval metrics : accuracy: 0.832 ; loss: 0.507
2020-03-09 16:55:38,042:INFO: Epoch 67/100
2020-03-09 16:56:26,103:INFO: - Train metrics: accuracy: 0.875 ; loss: 0.348
2020-03-09 16:56:29,222:INFO: - Eval metrics : accuracy: 0.774 ; loss: 0.772
2020-03-09 16:56:30,519:INFO: Epoch 68/100
2020-03-09 16:57:18,576:INFO: - Train metrics: accuracy: 0.855 ; loss: 0.378
2020-03-09 16:57:21,681:INFO: - Eval metrics : accuracy: 0.814 ; loss: 0.557
2020-03-09 16:57:22,634:INFO: Epoch 69/100
2020-03-09 16:58:10,786:INFO: - Train metrics: accuracy: 0.861 ; loss: 0.398
2020-03-09 16:58:13,907:INFO: - Eval metrics : accuracy: 0.816 ; loss: 0.541
2020-03-09 16:58:14,588:INFO: Epoch 70/100
2020-03-09 16:59:02,637:INFO: - Train metrics: accuracy: 0.875 ; loss: 0.347
2020-03-09 16:59:05,751:INFO: - Eval metrics : accuracy: 0.811 ; loss: 0.579
2020-03-09 16:59:06,790:INFO: Epoch 71/100
2020-03-09 16:59:54,844:INFO: - Train metrics: accuracy: 0.855 ; loss: 0.437
2020-03-09 16:59:57,942:INFO: - Eval metrics : accuracy: 0.834 ; loss: 0.504
2020-03-09 16:59:58,888:INFO: Epoch 72/100
2020-03-09 17:00:46,938:INFO: - Train metrics: accuracy: 0.865 ; loss: 0.375
2020-03-09 17:00:50,058:INFO: - Eval metrics : accuracy: 0.845 ; loss: 0.464
2020-03-09 17:00:51,742:INFO: Epoch 73/100
2020-03-09 17:01:39,707:INFO: - Train metrics: accuracy: 0.867 ; loss: 0.377
2020-03-09 17:01:42,806:INFO: - Eval metrics : accuracy: 0.827 ; loss: 0.525
2020-03-09 17:01:43,789:INFO: Epoch 74/100
2020-03-09 17:02:31,787:INFO: - Train metrics: accuracy: 0.871 ; loss: 0.354
2020-03-09 17:02:34,901:INFO: - Eval metrics : accuracy: 0.791 ; loss: 0.649
2020-03-09 17:02:37,321:INFO: Epoch 75/100
2020-03-09 17:03:25,322:INFO: - Train metrics: accuracy: 0.863 ; loss: 0.403
2020-03-09 17:03:28,433:INFO: - Eval metrics : accuracy: 0.803 ; loss: 0.624
2020-03-09 17:03:29,499:INFO: Epoch 76/100
2020-03-09 17:04:17,502:INFO: - Train metrics: accuracy: 0.889 ; loss: 0.332
2020-03-09 17:04:20,601:INFO: - Eval metrics : accuracy: 0.830 ; loss: 0.522
2020-03-09 17:04:22,401:INFO: Epoch 77/100
2020-03-09 17:05:10,440:INFO: - Train metrics: accuracy: 0.842 ; loss: 0.432
2020-03-09 17:05:13,547:INFO: - Eval metrics : accuracy: 0.759 ; loss: 0.726
2020-03-09 17:05:14,103:INFO: Epoch 78/100
2020-03-09 17:06:02,079:INFO: - Train metrics: accuracy: 0.881 ; loss: 0.381
2020-03-09 17:06:05,173:INFO: - Eval metrics : accuracy: 0.813 ; loss: 0.600
2020-03-09 17:06:06,503:INFO: Epoch 79/100
2020-03-09 17:06:54,519:INFO: - Train metrics: accuracy: 0.889 ; loss: 0.330
2020-03-09 17:06:57,629:INFO: - Eval metrics : accuracy: 0.823 ; loss: 0.550
2020-03-09 17:06:58,969:INFO: Epoch 80/100
2020-03-09 17:07:46,963:INFO: - Train metrics: accuracy: 0.883 ; loss: 0.361
2020-03-09 17:07:50,080:INFO: - Eval metrics : accuracy: 0.700 ; loss: 1.013
2020-03-09 17:07:50,888:INFO: Epoch 81/100
2020-03-09 17:08:38,898:INFO: - Train metrics: accuracy: 0.896 ; loss: 0.307
2020-03-09 17:08:42,003:INFO: - Eval metrics : accuracy: 0.807 ; loss: 0.601
2020-03-09 17:08:42,691:INFO: Epoch 82/100
2020-03-09 17:09:30,663:INFO: - Train metrics: accuracy: 0.854 ; loss: 0.409
2020-03-09 17:09:33,763:INFO: - Eval metrics : accuracy: 0.818 ; loss: 0.563
2020-03-09 17:09:34,699:INFO: Epoch 83/100
2020-03-09 17:10:22,712:INFO: - Train metrics: accuracy: 0.883 ; loss: 0.374
2020-03-09 17:10:25,813:INFO: - Eval metrics : accuracy: 0.815 ; loss: 0.573
2020-03-09 17:10:26,480:INFO: Epoch 84/100
2020-03-09 17:11:14,477:INFO: - Train metrics: accuracy: 0.891 ; loss: 0.322
2020-03-09 17:11:17,580:INFO: - Eval metrics : accuracy: 0.807 ; loss: 0.609
2020-03-09 17:11:18,702:INFO: Epoch 85/100
2020-03-09 17:12:06,691:INFO: - Train metrics: accuracy: 0.861 ; loss: 0.380
2020-03-09 17:12:09,786:INFO: - Eval metrics : accuracy: 0.823 ; loss: 0.544
2020-03-09 17:12:10,965:INFO: Epoch 86/100
2020-03-09 17:12:58,971:INFO: - Train metrics: accuracy: 0.896 ; loss: 0.325
2020-03-09 17:13:02,084:INFO: - Eval metrics : accuracy: 0.816 ; loss: 0.570
2020-03-09 17:13:02,763:INFO: Epoch 87/100
2020-03-09 17:13:50,789:INFO: - Train metrics: accuracy: 0.869 ; loss: 0.365
2020-03-09 17:13:53,902:INFO: - Eval metrics : accuracy: 0.812 ; loss: 0.633
2020-03-09 17:13:55,627:INFO: Epoch 88/100
2020-03-09 17:14:43,654:INFO: - Train metrics: accuracy: 0.873 ; loss: 0.347
2020-03-09 17:14:46,765:INFO: - Eval metrics : accuracy: 0.854 ; loss: 0.427
2020-03-09 17:14:49,101:INFO: - Found new best accuracy
2020-03-09 17:14:49,102:INFO: Epoch 89/100
2020-03-09 17:15:37,031:INFO: - Train metrics: accuracy: 0.863 ; loss: 0.364
2020-03-09 17:15:40,141:INFO: - Eval metrics : accuracy: 0.803 ; loss: 0.632
2020-03-09 17:15:41,095:INFO: Epoch 90/100
2020-03-09 17:16:29,090:INFO: - Train metrics: accuracy: 0.879 ; loss: 0.334
2020-03-09 17:16:32,201:INFO: - Eval metrics : accuracy: 0.781 ; loss: 0.714
2020-03-09 17:16:32,855:INFO: Epoch 91/100
2020-03-09 17:17:20,855:INFO: - Train metrics: accuracy: 0.865 ; loss: 0.392
2020-03-09 17:17:23,972:INFO: - Eval metrics : accuracy: 0.811 ; loss: 0.574
2020-03-09 17:17:25,305:INFO: Epoch 92/100
2020-03-09 17:18:13,297:INFO: - Train metrics: accuracy: 0.885 ; loss: 0.358
2020-03-09 17:18:16,408:INFO: - Eval metrics : accuracy: 0.790 ; loss: 0.706
2020-03-09 17:18:16,963:INFO: Epoch 93/100
2020-03-09 17:19:04,961:INFO: - Train metrics: accuracy: 0.891 ; loss: 0.302
2020-03-09 17:19:08,063:INFO: - Eval metrics : accuracy: 0.851 ; loss: 0.445
2020-03-09 17:19:10,044:INFO: Epoch 94/100
2020-03-09 17:19:58,068:INFO: - Train metrics: accuracy: 0.879 ; loss: 0.340
2020-03-09 17:20:01,195:INFO: - Eval metrics : accuracy: 0.841 ; loss: 0.470
2020-03-09 17:20:03,081:INFO: Epoch 95/100
2020-03-09 17:20:51,165:INFO: - Train metrics: accuracy: 0.871 ; loss: 0.339
2020-03-09 17:20:54,299:INFO: - Eval metrics : accuracy: 0.836 ; loss: 0.497
2020-03-09 17:20:55,123:INFO: Epoch 96/100
2020-03-09 17:21:43,108:INFO: - Train metrics: accuracy: 0.883 ; loss: 0.359
2020-03-09 17:21:46,219:INFO: - Eval metrics : accuracy: 0.768 ; loss: 0.799
2020-03-09 17:21:47,272:INFO: Epoch 97/100
2020-03-09 17:22:35,329:INFO: - Train metrics: accuracy: 0.896 ; loss: 0.326
2020-03-09 17:22:38,446:INFO: - Eval metrics : accuracy: 0.796 ; loss: 0.630
2020-03-09 17:22:39,387:INFO: Epoch 98/100
2020-03-09 17:23:27,388:INFO: - Train metrics: accuracy: 0.883 ; loss: 0.303
2020-03-09 17:23:30,507:INFO: - Eval metrics : accuracy: 0.802 ; loss: 0.628
2020-03-09 17:23:31,378:INFO: Epoch 99/100
2020-03-09 17:24:19,418:INFO: - Train metrics: accuracy: 0.871 ; loss: 0.344
2020-03-09 17:24:22,518:INFO: - Eval metrics : accuracy: 0.851 ; loss: 0.453
2020-03-09 17:24:23,554:INFO: Epoch 100/100
2020-03-09 17:25:11,556:INFO: - Train metrics: accuracy: 0.875 ; loss: 0.361
2020-03-09 17:25:14,684:INFO: - Eval metrics : accuracy: 0.839 ; loss: 0.486
